<?xml version="1.0" encoding="UTF-8"?>
<coverage generated="1757491378236" clover="3.2.0">
  <project timestamp="1757491378236" name="All files">
    <metrics statements="58" coveredstatements="49" conditionals="39" coveredconditionals="30" methods="8" coveredmethods="6" elements="105" coveredelements="85" complexity="0" loc="58" ncloc="58" packages="1" files="2" classes="2"/>
    <file name="datasetUtils.ts" path="C:\Users\parthd\OneDrive\Desktop\New folder\PageBuilder\page-builder\src\utils\datasetUtils.ts">
      <metrics statements="14" coveredstatements="7" conditionals="11" coveredconditionals="5" methods="4" coveredmethods="2"/>
      <line num="4" count="1" type="stmt"/>
      <line num="7" count="0" type="stmt"/>
      <line num="8" count="0" type="stmt"/>
      <line num="11" count="0" type="cond" truecount="0" falsecount="1"/>
      <line num="16" count="0" type="stmt"/>
      <line num="22" count="0" type="stmt"/>
      <line num="27" count="0" type="stmt"/>
      <line num="35" count="1" type="stmt"/>
      <line num="36" count="23" type="cond" truecount="3" falsecount="0"/>
      <line num="39" count="20" type="stmt"/>
      <line num="40" count="126" type="stmt"/>
      <line num="41" count="126" type="cond" truecount="2" falsecount="0"/>
      <line num="46" count="1" type="stmt"/>
      <line num="47" count="0" type="stmt"/>
    </file>
    <file name="formulaUtils.ts" path="C:\Users\parthd\OneDrive\Desktop\New folder\PageBuilder\page-builder\src\utils\formulaUtils.ts">
      <metrics statements="44" coveredstatements="42" conditionals="28" coveredconditionals="25" methods="4" coveredmethods="4"/>
      <line num="4" count="1" type="stmt"/>
      <line num="8" count="27" type="cond" truecount="1" falsecount="0"/>
      <line num="9" count="2" type="stmt"/>
      <line num="12" count="25" type="stmt"/>
      <line num="14" count="25" type="stmt"/>
      <line num="17" count="25" type="stmt"/>
      <line num="21" count="29" type="cond" truecount="2" falsecount="0"/>
      <line num="28" count="8" type="stmt"/>
      <line num="31" count="8" type="stmt"/>
      <line num="32" count="57" type="stmt"/>
      <line num="33" count="57" type="stmt"/>
      <line num="37" count="8" type="stmt"/>
      <line num="38" count="8" type="cond" truecount="1" falsecount="2"/>
      <line num="39" count="0" type="stmt"/>
      <line num="42" count="8" type="stmt"/>
      <line num="45" count="21" type="stmt"/>
      <line num="46" count="21" type="cond" truecount="1" falsecount="0"/>
      <line num="47" count="1" type="stmt"/>
      <line num="49" count="20" type="stmt"/>
      <line num="55" count="24" type="stmt"/>
      <line num="56" count="24" type="cond" truecount="1" falsecount="0"/>
      <line num="57" count="2" type="stmt"/>
      <line num="61" count="22" type="cond" truecount="1" falsecount="0"/>
      <line num="62" count="1" type="stmt"/>
      <line num="66" count="21" type="cond" truecount="1" falsecount="0"/>
      <line num="67" count="1" type="stmt"/>
      <line num="71" count="20" type="stmt"/>
      <line num="75" count="20" type="cond" truecount="3" falsecount="0"/>
      <line num="76" count="1" type="stmt"/>
      <line num="79" count="19" type="stmt"/>
      <line num="81" count="6" type="stmt"/>
      <line num="89" count="1" type="stmt"/>
      <line num="93" count="10" type="cond" truecount="1" falsecount="0"/>
      <line num="95" count="9" type="stmt"/>
      <line num="96" count="9" type="stmt"/>
      <line num="98" count="11" type="cond" truecount="2" falsecount="0"/>
      <line num="104" count="4" type="stmt"/>
      <line num="107" count="4" type="stmt"/>
      <line num="108" count="16" type="stmt"/>
      <line num="109" count="16" type="stmt"/>
      <line num="112" count="4" type="stmt"/>
      <line num="115" count="7" type="stmt"/>
      <line num="116" count="7" type="cond" truecount="2" falsecount="0"/>
      <line num="120" count="0" type="stmt"/>
    </file>
  </project>
</coverage>
