{
  "C:\\Users\\parthd\\OneDrive\\Desktop\\New folder\\PageBuilder\\page-builder\\src\\App.tsx": {
    "path": "C:\\Users\\parthd\\OneDrive\\Desktop\\New folder\\PageBuilder\\page-builder\\src\\App.tsx",
    "statementMap": {
      "0": {
        "start": { "line": 1, "column": 0 },
        "end": { "line": 1, "column": 33 }
      },
      "1": {
        "start": { "line": 2, "column": 0 },
        "end": { "line": 2, "column": 19 }
      },
      "2": {
        "start": { "line": 3, "column": 0 },
        "end": { "line": 3, "column": 61 }
      },
      "3": {
        "start": { "line": 4, "column": 0 },
        "end": { "line": 4, "column": 41 }
      },
      "4": {
        "start": { "line": 5, "column": 0 },
        "end": { "line": 5, "column": 47 }
      },
      "5": {
        "start": { "line": 6, "column": 0 },
        "end": { "line": 6, "column": 53 }
      },
      "6": {
        "start": { "line": 7, "column": 0 },
        "end": { "line": 7, "column": 57 }
      },
      "7": {
        "start": { "line": 11, "column": 38 },
        "end": { "line": 11, "column": 67 }
      },
      "8": {
        "start": { "line": 13, "column": 4 },
        "end": { "line": 13, "column": 40 }
      },
      "9": {
        "start": { "line": 14, "column": 32 },
        "end": { "line": 14, "column": 62 }
      },
      "10": {
        "start": { "line": 15, "column": 44 },
        "end": { "line": 15, "column": 59 }
      },
      "11": {
        "start": { "line": 18, "column": 23 },
        "end": { "line": 30, "column": 3 }
      },
      "12": {
        "start": { "line": 19, "column": 40 },
        "end": { "line": 27, "column": 6 }
      },
      "13": {
        "start": { "line": 29, "column": 4 },
        "end": { "line": 29, "column": 51 }
      },
      "14": {
        "start": { "line": 29, "column": 26 },
        "end": { "line": 29, "column": 49 }
      },
      "15": {
        "start": { "line": 33, "column": 26 },
        "end": { "line": 38, "column": 3 }
      },
      "16": {
        "start": { "line": 34, "column": 4 },
        "end": { "line": 34, "column": 63 }
      },
      "17": {
        "start": { "line": 34, "column": 26 },
        "end": { "line": 34, "column": 61 }
      },
      "18": {
        "start": { "line": 34, "column": 46 },
        "end": { "line": 34, "column": 60 }
      },
      "19": {
        "start": { "line": 35, "column": 4 },
        "end": { "line": 37, "column": 5 }
      },
      "20": {
        "start": { "line": 36, "column": 6 },
        "end": { "line": 36, "column": 33 }
      },
      "21": {
        "start": { "line": 41, "column": 26 },
        "end": { "line": 43, "column": 3 }
      },
      "22": {
        "start": { "line": 42, "column": 4 },
        "end": { "line": 42, "column": 36 }
      },
      "23": {
        "start": { "line": 46, "column": 28 },
        "end": { "line": 48, "column": 3 }
      },
      "24": {
        "start": { "line": 47, "column": 4 },
        "end": { "line": 47, "column": 33 }
      },
      "25": {
        "start": { "line": 51, "column": 26 },
        "end": { "line": 58, "column": 3 }
      },
      "26": {
        "start": { "line": 52, "column": 4 },
        "end": { "line": 56, "column": 6 }
      },
      "27": {
        "start": { "line": 53, "column": 6 },
        "end": { "line": 54, "column": null }
      },
      "28": {
        "start": { "line": 54, "column": 8 },
        "end": { "line": 54, "column": 65 }
      },
      "29": {
        "start": { "line": 57, "column": 4 },
        "end": { "line": 57, "column": 43 }
      },
      "30": {
        "start": { "line": 61, "column": 30 },
        "end": { "line": 63, "column": 3 }
      },
      "31": {
        "start": { "line": 62, "column": 4 },
        "end": { "line": 62, "column": 27 }
      },
      "32": {
        "start": { "line": 65, "column": 2 },
        "end": { "line": 132, "column": 4 }
      },
      "33": {
        "start": { "line": 86, "column": 31 },
        "end": { "line": 86, "column": 65 }
      },
      "34": {
        "start": { "line": 135, "column": 0 },
        "end": { "line": 135, "column": 19 }
      }
    },
    "fnMap": {
      "0": {
        "name": "App",
        "decl": {
          "start": { "line": 10, "column": 9 },
          "end": { "line": 10, "column": 12 }
        },
        "loc": {
          "start": { "line": 10, "column": 12 },
          "end": { "line": 133, "column": 1 }
        }
      },
      "1": {
        "name": "(anonymous_2)",
        "decl": {
          "start": { "line": 18, "column": 23 },
          "end": { "line": 18, "column": 24 }
        },
        "loc": {
          "start": { "line": 18, "column": 47 },
          "end": { "line": 30, "column": 3 }
        }
      },
      "2": {
        "name": "(anonymous_3)",
        "decl": {
          "start": { "line": 29, "column": 18 },
          "end": { "line": 29, "column": 22 }
        },
        "loc": {
          "start": { "line": 29, "column": 26 },
          "end": { "line": 29, "column": 49 }
        }
      },
      "3": {
        "name": "(anonymous_4)",
        "decl": {
          "start": { "line": 33, "column": 26 },
          "end": { "line": 33, "column": 27 }
        },
        "loc": {
          "start": { "line": 33, "column": 41 },
          "end": { "line": 38, "column": 3 }
        }
      },
      "4": {
        "name": "(anonymous_5)",
        "decl": {
          "start": { "line": 34, "column": 18 },
          "end": { "line": 34, "column": 22 }
        },
        "loc": {
          "start": { "line": 34, "column": 26 },
          "end": { "line": 34, "column": 61 }
        }
      },
      "5": {
        "name": "(anonymous_6)",
        "decl": {
          "start": { "line": 34, "column": 38 },
          "end": { "line": 34, "column": 42 }
        },
        "loc": {
          "start": { "line": 34, "column": 46 },
          "end": { "line": 34, "column": 60 }
        }
      },
      "6": {
        "name": "(anonymous_7)",
        "decl": {
          "start": { "line": 41, "column": 26 },
          "end": { "line": 41, "column": 27 }
        },
        "loc": {
          "start": { "line": 41, "column": 55 },
          "end": { "line": 43, "column": 3 }
        }
      },
      "7": {
        "name": "(anonymous_8)",
        "decl": {
          "start": { "line": 46, "column": 28 },
          "end": { "line": 46, "column": 29 }
        },
        "loc": {
          "start": { "line": 46, "column": 63 },
          "end": { "line": 48, "column": 3 }
        }
      },
      "8": {
        "name": "(anonymous_9)",
        "decl": {
          "start": { "line": 51, "column": 26 },
          "end": { "line": 51, "column": 27 }
        },
        "loc": {
          "start": { "line": 51, "column": 62 },
          "end": { "line": 58, "column": 3 }
        }
      },
      "9": {
        "name": "(anonymous_10)",
        "decl": {
          "start": { "line": 52, "column": 18 },
          "end": { "line": 52, "column": 22 }
        },
        "loc": {
          "start": { "line": 53, "column": 6 },
          "end": { "line": 54, "column": null }
        }
      },
      "10": {
        "name": "(anonymous_11)",
        "decl": {
          "start": { "line": 53, "column": 15 },
          "end": { "line": 53, "column": 19 }
        },
        "loc": {
          "start": { "line": 54, "column": 8 },
          "end": { "line": 54, "column": 65 }
        }
      },
      "11": {
        "name": "(anonymous_12)",
        "decl": {
          "start": { "line": 61, "column": 30 },
          "end": { "line": 61, "column": 31 }
        },
        "loc": {
          "start": { "line": 61, "column": 61 },
          "end": { "line": 63, "column": 3 }
        }
      },
      "12": {
        "name": "(anonymous_13)",
        "decl": {
          "start": { "line": 86, "column": 26 },
          "end": { "line": 86, "column": 27 }
        },
        "loc": {
          "start": { "line": 86, "column": 31 },
          "end": { "line": 86, "column": 65 }
        }
      }
    },
    "branchMap": {
      "0": {
        "loc": {
          "start": { "line": 35, "column": 4 },
          "end": { "line": 37, "column": 5 }
        },
        "type": "if",
        "locations": [
          {
            "start": { "line": 35, "column": 4 },
            "end": { "line": 37, "column": 5 }
          }
        ]
      },
      "1": {
        "loc": {
          "start": { "line": 35, "column": 8 },
          "end": { "line": 35, "column": 29 }
        },
        "type": "cond-expr",
        "locations": [
          {
            "start": { "line": 35, "column": 25 },
            "end": { "line": 35, "column": 27 }
          },
          {
            "start": { "line": 35, "column": 8 },
            "end": { "line": 35, "column": 29 }
          }
        ]
      },
      "2": {
        "loc": {
          "start": { "line": 35, "column": 8 },
          "end": { "line": 35, "column": 27 }
        },
        "type": "binary-expr",
        "locations": [
          {
            "start": { "line": 35, "column": 8 },
            "end": { "line": 35, "column": 27 }
          },
          {
            "start": { "line": 35, "column": 8 },
            "end": { "line": 35, "column": 27 }
          }
        ]
      },
      "3": {
        "loc": {
          "start": { "line": 54, "column": 8 },
          "end": { "line": 54, "column": 65 }
        },
        "type": "cond-expr",
        "locations": [
          {
            "start": { "line": 54, "column": 42 },
            "end": { "line": 54, "column": 58 }
          },
          {
            "start": { "line": 54, "column": 61 },
            "end": { "line": 54, "column": 65 }
          }
        ]
      },
      "4": {
        "loc": {
          "start": { "line": 94, "column": 7 },
          "end": { "line": 129, "column": null }
        },
        "type": "cond-expr",
        "locations": [
          {
            "start": { "line": 95, "column": 8 },
            "end": { "line": 100, "column": null }
          },
          {
            "start": { "line": 103, "column": 8 },
            "end": { "line": 128, "column": null }
          }
        ]
      }
    },
    "s": {
      "0": 0,
      "1": 0,
      "2": 0,
      "3": 0,
      "4": 0,
      "5": 0,
      "6": 0,
      "7": 0,
      "8": 0,
      "9": 0,
      "10": 0,
      "11": 0,
      "12": 0,
      "13": 0,
      "14": 0,
      "15": 0,
      "16": 0,
      "17": 0,
      "18": 0,
      "19": 0,
      "20": 0,
      "21": 0,
      "22": 0,
      "23": 0,
      "24": 0,
      "25": 0,
      "26": 0,
      "27": 0,
      "28": 0,
      "29": 0,
      "30": 0,
      "31": 0,
      "32": 0,
      "33": 0,
      "34": 0
    },
    "f": {
      "0": 0,
      "1": 0,
      "2": 0,
      "3": 0,
      "4": 0,
      "5": 0,
      "6": 0,
      "7": 0,
      "8": 0,
      "9": 0,
      "10": 0,
      "11": 0,
      "12": 0
    },
    "b": { "0": [0], "1": [0, 0], "2": [0, 0], "3": [0, 0], "4": [0, 0] }
  },
  "C:\\Users\\parthd\\OneDrive\\Desktop\\New folder\\PageBuilder\\page-builder\\src\\components\\ButtonComponent.tsx": {
    "path": "C:\\Users\\parthd\\OneDrive\\Desktop\\New folder\\PageBuilder\\page-builder\\src\\components\\ButtonComponent.tsx",
    "statementMap": {
      "0": {
        "start": { "line": 3, "column": 0 },
        "end": { "line": 3, "column": 59 }
      },
      "1": {
        "start": { "line": 4, "column": 0 },
        "end": { "line": 4, "column": 56 }
      },
      "2": {
        "start": { "line": 11, "column": 41 },
        "end": { "line": 111, "column": 1 }
      },
      "3": {
        "start": { "line": 13, "column": 22 },
        "end": { "line": 36, "column": 3 }
      },
      "4": {
        "start": { "line": 15, "column": 24 },
        "end": { "line": 15, "column": 63 }
      },
      "5": {
        "start": { "line": 18, "column": 4 },
        "end": { "line": 33, "column": 6 }
      },
      "6": {
        "start": { "line": 22, "column": 8 },
        "end": { "line": 30, "column": 9 }
      },
      "7": {
        "start": { "line": 28, "column": 25 },
        "end": { "line": 28, "column": 67 }
      },
      "8": {
        "start": { "line": 29, "column": 10 },
        "end": { "line": 29, "column": 77 }
      },
      "9": {
        "start": { "line": 31, "column": 8 },
        "end": { "line": 31, "column": 21 }
      },
      "10": {
        "start": { "line": 35, "column": 4 },
        "end": { "line": 35, "column": 25 }
      },
      "11": {
        "start": { "line": 39, "column": 22 },
        "end": { "line": 86, "column": 3 }
      },
      "12": {
        "start": { "line": 40, "column": 19 },
        "end": { "line": 40, "column": 57 }
      },
      "13": {
        "start": { "line": 42, "column": 4 },
        "end": { "line": 85, "column": 5 }
      },
      "14": {
        "start": { "line": 44, "column": 24 },
        "end": { "line": 44, "column": 78 }
      },
      "15": {
        "start": { "line": 45, "column": 33 },
        "end": { "line": 45, "column": 53 }
      },
      "16": {
        "start": { "line": 46, "column": 8 },
        "end": { "line": 46, "column": 32 }
      },
      "17": {
        "start": { "line": 47, "column": 8 },
        "end": { "line": 47, "column": 14 }
      },
      "18": {
        "start": { "line": 51, "column": 8 },
        "end": { "line": 51, "column": 67 }
      },
      "19": {
        "start": { "line": 52, "column": 8 },
        "end": { "line": 52, "column": 14 }
      },
      "20": {
        "start": { "line": 55, "column": 20 },
        "end": { "line": 55, "column": 77 }
      },
      "21": {
        "start": { "line": 56, "column": 8 },
        "end": { "line": 56, "column": 35 }
      },
      "22": {
        "start": { "line": 57, "column": 8 },
        "end": { "line": 57, "column": 14 }
      },
      "23": {
        "start": { "line": 62, "column": 21 },
        "end": { "line": 62, "column": 51 }
      },
      "24": {
        "start": { "line": 63, "column": 8 },
        "end": { "line": 67, "column": 9 }
      },
      "25": {
        "start": { "line": 64, "column": 10 },
        "end": { "line": 64, "column": 24 }
      },
      "26": {
        "start": { "line": 66, "column": 10 },
        "end": { "line": 66, "column": 49 }
      },
      "27": {
        "start": { "line": 68, "column": 8 },
        "end": { "line": 68, "column": 14 }
      },
      "28": {
        "start": { "line": 72, "column": 8 },
        "end": { "line": 79, "column": 9 }
      },
      "29": {
        "start": { "line": 74, "column": 12 },
        "end": { "line": 74, "column": 79 }
      },
      "30": {
        "start": { "line": 76, "column": 10 },
        "end": { "line": 76, "column": 27 }
      },
      "31": {
        "start": { "line": 78, "column": 10 },
        "end": { "line": 78, "column": 65 }
      },
      "32": {
        "start": { "line": 80, "column": 8 },
        "end": { "line": 80, "column": 14 }
      },
      "33": {
        "start": { "line": 84, "column": 8 },
        "end": { "line": 84, "column": 67 }
      },
      "34": {
        "start": { "line": 89, "column": 22 },
        "end": { "line": 89, "column": 67 }
      },
      "35": {
        "start": { "line": 90, "column": 22 },
        "end": { "line": 90, "column": 62 }
      },
      "36": {
        "start": { "line": 92, "column": 22 },
        "end": { "line": 92, "column": 60 }
      },
      "37": {
        "start": { "line": 93, "column": 23 },
        "end": { "line": 93, "column": 47 }
      },
      "38": {
        "start": { "line": 95, "column": 2 },
        "end": { "line": 110, "column": 4 }
      },
      "39": {
        "start": { "line": 103, "column": 8 },
        "end": { "line": 103, "column": 28 }
      },
      "40": {
        "start": { "line": 104, "column": 8 },
        "end": { "line": 104, "column": 22 }
      },
      "41": {
        "start": { "line": 113, "column": 0 },
        "end": { "line": 113, "column": 31 }
      }
    },
    "fnMap": {
      "0": {
        "name": "(anonymous_0)",
        "decl": {
          "start": { "line": 11, "column": 41 },
          "end": { "line": 11, "column": 42 }
        },
        "loc": {
          "start": { "line": 11, "column": 68 },
          "end": { "line": 111, "column": 1 }
        }
      },
      "1": {
        "name": "(anonymous_1)",
        "decl": {
          "start": { "line": 13, "column": 22 },
          "end": { "line": 13, "column": 23 }
        },
        "loc": {
          "start": { "line": 13, "column": 47 },
          "end": { "line": 36, "column": 3 }
        }
      },
      "2": {
        "name": "(anonymous_2)",
        "decl": {
          "start": { "line": 20, "column": 6 },
          "end": { "line": 20, "column": 7 }
        },
        "loc": {
          "start": { "line": 20, "column": 28 },
          "end": { "line": 32, "column": 7 }
        }
      },
      "3": {
        "name": "(anonymous_3)",
        "decl": {
          "start": { "line": 39, "column": 22 },
          "end": { "line": 39, "column": 25 }
        },
        "loc": {
          "start": { "line": 39, "column": 27 },
          "end": { "line": 86, "column": 3 }
        }
      },
      "4": {
        "name": "(anonymous_4)",
        "decl": {
          "start": { "line": 99, "column": 15 },
          "end": { "line": 99, "column": 18 }
        },
        "loc": {
          "start": { "line": 99, "column": 20 },
          "end": { "line": 101, "column": 7 }
        }
      },
      "5": {
        "name": "(anonymous_5)",
        "decl": {
          "start": { "line": 102, "column": 21 },
          "end": { "line": 102, "column": 22 }
        },
        "loc": {
          "start": { "line": 102, "column": 25 },
          "end": { "line": 105, "column": 7 }
        }
      }
    },
    "branchMap": {
      "0": {
        "loc": {
          "start": { "line": 15, "column": 49 },
          "end": { "line": 15, "column": 62 }
        },
        "type": "binary-expr",
        "locations": [
          {
            "start": { "line": 15, "column": 49 },
            "end": { "line": 15, "column": 56 }
          },
          {
            "start": { "line": 15, "column": 60 },
            "end": { "line": 15, "column": 62 }
          }
        ]
      },
      "1": {
        "loc": {
          "start": { "line": 22, "column": 8 },
          "end": { "line": 30, "column": 9 }
        },
        "type": "if",
        "locations": [
          {
            "start": { "line": 22, "column": 8 },
            "end": { "line": 30, "column": 9 }
          }
        ]
      },
      "2": {
        "loc": {
          "start": { "line": 23, "column": 10 },
          "end": { "line": 26, "column": 34 }
        },
        "type": "binary-expr",
        "locations": [
          {
            "start": { "line": 23, "column": 10 },
            "end": { "line": 23, "column": 34 }
          },
          {
            "start": { "line": 24, "column": 10 },
            "end": { "line": 24, "column": 34 }
          },
          {
            "start": { "line": 25, "column": 10 },
            "end": { "line": 25, "column": 34 }
          },
          {
            "start": { "line": 26, "column": 10 },
            "end": { "line": 26, "column": 34 }
          }
        ]
      },
      "3": {
        "loc": {
          "start": { "line": 28, "column": 53 },
          "end": { "line": 28, "column": 66 }
        },
        "type": "binary-expr",
        "locations": [
          {
            "start": { "line": 28, "column": 53 },
            "end": { "line": 28, "column": 60 }
          },
          {
            "start": { "line": 28, "column": 64 },
            "end": { "line": 28, "column": 66 }
          }
        ]
      },
      "4": {
        "loc": {
          "start": { "line": 29, "column": 17 },
          "end": { "line": 29, "column": 76 }
        },
        "type": "cond-expr",
        "locations": [
          {
            "start": { "line": 29, "column": 34 },
            "end": { "line": 29, "column": 68 }
          },
          {
            "start": { "line": 29, "column": 71 },
            "end": { "line": 29, "column": 76 }
          }
        ]
      },
      "5": {
        "loc": {
          "start": { "line": 29, "column": 34 },
          "end": { "line": 29, "column": 68 }
        },
        "type": "binary-expr",
        "locations": [
          {
            "start": { "line": 29, "column": 34 },
            "end": { "line": 29, "column": 59 }
          },
          {
            "start": { "line": 29, "column": 63 },
            "end": { "line": 29, "column": 68 }
          }
        ]
      },
      "6": {
        "loc": {
          "start": { "line": 29, "column": 34 },
          "end": { "line": 29, "column": 59 }
        },
        "type": "cond-expr",
        "locations": [
          {
            "start": { "line": 29, "column": 47 },
            "end": { "line": 29, "column": 49 }
          },
          {
            "start": { "line": 29, "column": 47 },
            "end": { "line": 29, "column": 59 }
          }
        ]
      },
      "7": {
        "loc": {
          "start": { "line": 29, "column": 34 },
          "end": { "line": 29, "column": 49 }
        },
        "type": "binary-expr",
        "locations": [
          {
            "start": { "line": 29, "column": 34 },
            "end": { "line": 29, "column": 49 }
          },
          {
            "start": { "line": 29, "column": 47 },
            "end": { "line": 29, "column": 49 }
          }
        ]
      },
      "8": {
        "loc": {
          "start": { "line": 40, "column": 19 },
          "end": { "line": 40, "column": 57 }
        },
        "type": "binary-expr",
        "locations": [
          {
            "start": { "line": 40, "column": 19 },
            "end": { "line": 40, "column": 46 }
          },
          {
            "start": { "line": 40, "column": 50 },
            "end": { "line": 40, "column": 57 }
          }
        ]
      },
      "9": {
        "loc": {
          "start": { "line": 42, "column": 4 },
          "end": { "line": 85, "column": 5 }
        },
        "type": "switch",
        "locations": [
          {
            "start": { "line": 43, "column": 6 },
            "end": { "line": 48, "column": 7 }
          },
          {
            "start": { "line": 50, "column": 6 },
            "end": { "line": 52, "column": 14 }
          },
          {
            "start": { "line": 54, "column": 6 },
            "end": { "line": 58, "column": 7 }
          },
          {
            "start": { "line": 60, "column": 6 },
            "end": { "line": 69, "column": 7 }
          },
          {
            "start": { "line": 71, "column": 6 },
            "end": { "line": 81, "column": 7 }
          },
          {
            "start": { "line": 83, "column": 6 },
            "end": { "line": 84, "column": 67 }
          }
        ]
      },
      "10": {
        "loc": {
          "start": { "line": 44, "column": 24 },
          "end": { "line": 44, "column": 78 }
        },
        "type": "binary-expr",
        "locations": [
          {
            "start": { "line": 44, "column": 24 },
            "end": { "line": 44, "column": 57 }
          },
          {
            "start": { "line": 44, "column": 61 },
            "end": { "line": 44, "column": 78 }
          }
        ]
      },
      "11": {
        "loc": {
          "start": { "line": 55, "column": 20 },
          "end": { "line": 55, "column": 77 }
        },
        "type": "binary-expr",
        "locations": [
          {
            "start": { "line": 55, "column": 20 },
            "end": { "line": 55, "column": 52 }
          },
          {
            "start": { "line": 55, "column": 56 },
            "end": { "line": 55, "column": 77 }
          }
        ]
      },
      "12": {
        "loc": {
          "start": { "line": 63, "column": 8 },
          "end": { "line": 67, "column": 9 }
        },
        "type": "if",
        "locations": [
          {
            "start": { "line": 63, "column": 8 },
            "end": { "line": 67, "column": 9 }
          },
          {
            "start": { "line": 65, "column": 15 },
            "end": { "line": 67, "column": 9 }
          }
        ]
      },
      "13": {
        "loc": {
          "start": { "line": 74, "column": 12 },
          "end": { "line": 74, "column": 79 }
        },
        "type": "binary-expr",
        "locations": [
          {
            "start": { "line": 74, "column": 12 },
            "end": { "line": 74, "column": 45 }
          },
          {
            "start": { "line": 74, "column": 49 },
            "end": { "line": 74, "column": 79 }
          }
        ]
      },
      "14": {
        "loc": {
          "start": { "line": 89, "column": 22 },
          "end": { "line": 89, "column": 67 }
        },
        "type": "binary-expr",
        "locations": [
          {
            "start": { "line": 89, "column": 22 },
            "end": { "line": 89, "column": 54 }
          },
          {
            "start": { "line": 89, "column": 58 },
            "end": { "line": 89, "column": 67 }
          }
        ]
      },
      "15": {
        "loc": {
          "start": { "line": 92, "column": 22 },
          "end": { "line": 92, "column": 60 }
        },
        "type": "binary-expr",
        "locations": [
          {
            "start": { "line": 92, "column": 22 },
            "end": { "line": 92, "column": 48 }
          },
          {
            "start": { "line": 92, "column": 52 },
            "end": { "line": 92, "column": 60 }
          }
        ]
      }
    },
    "s": {
      "0": 0,
      "1": 0,
      "2": 0,
      "3": 0,
      "4": 0,
      "5": 0,
      "6": 0,
      "7": 0,
      "8": 0,
      "9": 0,
      "10": 0,
      "11": 0,
      "12": 0,
      "13": 0,
      "14": 0,
      "15": 0,
      "16": 0,
      "17": 0,
      "18": 0,
      "19": 0,
      "20": 0,
      "21": 0,
      "22": 0,
      "23": 0,
      "24": 0,
      "25": 0,
      "26": 0,
      "27": 0,
      "28": 0,
      "29": 0,
      "30": 0,
      "31": 0,
      "32": 0,
      "33": 0,
      "34": 0,
      "35": 0,
      "36": 0,
      "37": 0,
      "38": 0,
      "39": 0,
      "40": 0,
      "41": 0
    },
    "f": { "0": 0, "1": 0, "2": 0, "3": 0, "4": 0, "5": 0 },
    "b": {
      "0": [0, 0],
      "1": [0],
      "2": [0, 0, 0, 0],
      "3": [0, 0],
      "4": [0, 0],
      "5": [0, 0],
      "6": [0, 0],
      "7": [0, 0],
      "8": [0, 0],
      "9": [0, 0, 0, 0, 0, 0],
      "10": [0, 0],
      "11": [0, 0],
      "12": [0, 0],
      "13": [0, 0],
      "14": [0, 0],
      "15": [0, 0]
    }
  },
  "C:\\Users\\parthd\\OneDrive\\Desktop\\New folder\\PageBuilder\\page-builder\\src\\components\\Canvas.tsx": {
    "path": "C:\\Users\\parthd\\OneDrive\\Desktop\\New folder\\PageBuilder\\page-builder\\src\\components\\Canvas.tsx",
    "statementMap": {
      "0": {
        "start": { "line": 2, "column": 0 },
        "end": { "line": 2, "column": null }
      },
      "1": {
        "start": { "line": 11, "column": 0 },
        "end": { "line": 11, "column": null }
      },
      "2": {
        "start": { "line": 17, "column": 0 },
        "end": { "line": 17, "column": 48 }
      },
      "3": {
        "start": { "line": 18, "column": 0 },
        "end": { "line": 18, "column": 41 }
      },
      "4": {
        "start": { "line": 20, "column": 0 },
        "end": { "line": 20, "column": 52 }
      },
      "5": {
        "start": { "line": 38, "column": 5 },
        "end": { "line": 94, "column": 1 }
      },
      "6": {
        "start": { "line": 52, "column": 6 },
        "end": { "line": 52, "column": 39 }
      },
      "7": {
        "start": { "line": 54, "column": 16 },
        "end": { "line": 58, "column": 4 }
      },
      "8": {
        "start": { "line": 60, "column": 2 },
        "end": { "line": 93, "column": 4 }
      },
      "9": {
        "start": { "line": 75, "column": 12 },
        "end": { "line": 75, "column": 32 }
      },
      "10": {
        "start": { "line": 76, "column": 12 },
        "end": { "line": 76, "column": 44 }
      },
      "11": {
        "start": { "line": 85, "column": 10 },
        "end": { "line": 85, "column": 30 }
      },
      "12": {
        "start": { "line": 86, "column": 10 },
        "end": { "line": 86, "column": 39 }
      },
      "13": {
        "start": { "line": 96, "column": 32 },
        "end": { "line": 167, "column": 1 }
      },
      "14": {
        "start": { "line": 104, "column": 18 },
        "end": { "line": 108, "column": null }
      },
      "15": {
        "start": { "line": 111, "column": 24 },
        "end": { "line": 125, "column": 3 }
      },
      "16": {
        "start": { "line": 112, "column": 29 },
        "end": { "line": 112, "column": 34 }
      },
      "17": {
        "start": { "line": 114, "column": 4 },
        "end": { "line": 124, "column": 5 }
      },
      "18": {
        "start": { "line": 115, "column": 23 },
        "end": { "line": 116, "column": null }
      },
      "19": {
        "start": { "line": 116, "column": 21 },
        "end": { "line": 116, "column": 47 }
      },
      "20": {
        "start": { "line": 118, "column": 23 },
        "end": { "line": 119, "column": null }
      },
      "21": {
        "start": { "line": 119, "column": 21 },
        "end": { "line": 119, "column": 45 }
      },
      "22": {
        "start": { "line": 122, "column": 28 },
        "end": { "line": 122, "column": 69 }
      },
      "23": {
        "start": { "line": 123, "column": 6 },
        "end": { "line": 123, "column": 41 }
      },
      "24": {
        "start": { "line": 128, "column": 2 },
        "end": { "line": 137, "column": 3 }
      },
      "25": {
        "start": { "line": 129, "column": 4 },
        "end": { "line": 136, "column": 6 }
      },
      "26": {
        "start": { "line": 139, "column": 2 },
        "end": { "line": 166, "column": 4 }
      },
      "27": {
        "start": { "line": 148, "column": 37 },
        "end": { "line": 148, "column": 41 }
      },
      "28": {
        "start": { "line": 153, "column": 14 },
        "end": { "line": 154, "column": null }
      },
      "29": {
        "start": { "line": 169, "column": 0 },
        "end": { "line": 169, "column": 22 }
      }
    },
    "fnMap": {
      "0": {
        "name": "(anonymous_1)",
        "decl": {
          "start": { "line": 38, "column": 5 },
          "end": { "line": 38, "column": 6 }
        },
        "loc": {
          "start": { "line": 44, "column": 5 },
          "end": { "line": 94, "column": 1 }
        }
      },
      "1": {
        "name": "(anonymous_2)",
        "decl": {
          "start": { "line": 74, "column": 19 },
          "end": { "line": 74, "column": 20 }
        },
        "loc": {
          "start": { "line": 74, "column": 23 },
          "end": { "line": 77, "column": 11 }
        }
      },
      "2": {
        "name": "(anonymous_3)",
        "decl": {
          "start": { "line": 84, "column": 17 },
          "end": { "line": 84, "column": 18 }
        },
        "loc": {
          "start": { "line": 84, "column": 21 },
          "end": { "line": 87, "column": 9 }
        }
      },
      "3": {
        "name": "(anonymous_4)",
        "decl": {
          "start": { "line": 96, "column": 32 },
          "end": { "line": 96, "column": 33 }
        },
        "loc": {
          "start": { "line": 103, "column": 5 },
          "end": { "line": 167, "column": 1 }
        }
      },
      "4": {
        "name": "(anonymous_5)",
        "decl": {
          "start": { "line": 111, "column": 24 },
          "end": { "line": 111, "column": 25 }
        },
        "loc": {
          "start": { "line": 111, "column": 48 },
          "end": { "line": 125, "column": 3 }
        }
      },
      "5": {
        "name": "(anonymous_6)",
        "decl": {
          "start": { "line": 116, "column": 8 },
          "end": { "line": 116, "column": 17 }
        },
        "loc": {
          "start": { "line": 116, "column": 21 },
          "end": { "line": 116, "column": 47 }
        }
      },
      "6": {
        "name": "(anonymous_7)",
        "decl": {
          "start": { "line": 119, "column": 8 },
          "end": { "line": 119, "column": 17 }
        },
        "loc": {
          "start": { "line": 119, "column": 21 },
          "end": { "line": 119, "column": 45 }
        }
      },
      "7": {
        "name": "(anonymous_8)",
        "decl": {
          "start": { "line": 148, "column": 32 },
          "end": { "line": 148, "column": 33 }
        },
        "loc": {
          "start": { "line": 148, "column": 37 },
          "end": { "line": 148, "column": 41 }
        }
      },
      "8": {
        "name": "(anonymous_9)",
        "decl": {
          "start": { "line": 152, "column": 28 },
          "end": { "line": 152, "column": 37 }
        },
        "loc": {
          "start": { "line": 153, "column": 14 },
          "end": { "line": 154, "column": null }
        }
      }
    },
    "branchMap": {
      "0": {
        "loc": {
          "start": { "line": 57, "column": 13 },
          "end": { "line": 57, "column": 33 }
        },
        "type": "cond-expr",
        "locations": [
          {
            "start": { "line": 57, "column": 26 },
            "end": { "line": 57, "column": 29 }
          },
          {
            "start": { "line": 57, "column": 32 },
            "end": { "line": 57, "column": 33 }
          }
        ]
      },
      "1": {
        "loc": {
          "start": { "line": 64, "column": 45 },
          "end": { "line": 64, "column": 101 }
        },
        "type": "cond-expr",
        "locations": [
          {
            "start": { "line": 64, "column": 86 },
            "end": { "line": 64, "column": 96 }
          },
          {
            "start": { "line": 64, "column": 99 },
            "end": { "line": 64, "column": 101 }
          }
        ]
      },
      "2": {
        "loc": {
          "start": { "line": 64, "column": 45 },
          "end": { "line": 64, "column": 66 }
        },
        "type": "cond-expr",
        "locations": [
          {
            "start": { "line": 64, "column": 62 },
            "end": { "line": 64, "column": 64 }
          },
          {
            "start": { "line": 64, "column": 45 },
            "end": { "line": 64, "column": 66 }
          }
        ]
      },
      "3": {
        "loc": {
          "start": { "line": 64, "column": 45 },
          "end": { "line": 64, "column": 64 }
        },
        "type": "binary-expr",
        "locations": [
          {
            "start": { "line": 64, "column": 45 },
            "end": { "line": 64, "column": 64 }
          },
          {
            "start": { "line": 64, "column": 45 },
            "end": { "line": 64, "column": 64 }
          }
        ]
      },
      "4": {
        "loc": {
          "start": { "line": 114, "column": 4 },
          "end": { "line": 124, "column": 5 }
        },
        "type": "if",
        "locations": [
          {
            "start": { "line": 114, "column": 4 },
            "end": { "line": 124, "column": 5 }
          }
        ]
      },
      "5": {
        "loc": {
          "start": { "line": 114, "column": 8 },
          "end": { "line": 114, "column": 37 }
        },
        "type": "binary-expr",
        "locations": [
          {
            "start": { "line": 114, "column": 8 },
            "end": { "line": 114, "column": 12 }
          },
          {
            "start": { "line": 114, "column": 16 },
            "end": { "line": 114, "column": 37 }
          }
        ]
      },
      "6": {
        "loc": {
          "start": { "line": 128, "column": 2 },
          "end": { "line": 137, "column": 3 }
        },
        "type": "if",
        "locations": [
          {
            "start": { "line": 128, "column": 2 },
            "end": { "line": 137, "column": 3 }
          }
        ]
      }
    },
    "s": {
      "0": 0,
      "1": 0,
      "2": 0,
      "3": 0,
      "4": 0,
      "5": 0,
      "6": 0,
      "7": 0,
      "8": 0,
      "9": 0,
      "10": 0,
      "11": 0,
      "12": 0,
      "13": 0,
      "14": 0,
      "15": 0,
      "16": 0,
      "17": 0,
      "18": 0,
      "19": 0,
      "20": 0,
      "21": 0,
      "22": 0,
      "23": 0,
      "24": 0,
      "25": 0,
      "26": 0,
      "27": 0,
      "28": 0,
      "29": 0
    },
    "f": {
      "0": 0,
      "1": 0,
      "2": 0,
      "3": 0,
      "4": 0,
      "5": 0,
      "6": 0,
      "7": 0,
      "8": 0
    },
    "b": {
      "0": [0, 0],
      "1": [0, 0],
      "2": [0, 0],
      "3": [0, 0],
      "4": [0],
      "5": [0, 0],
      "6": [0]
    }
  },
  "C:\\Users\\parthd\\OneDrive\\Desktop\\New folder\\PageBuilder\\page-builder\\src\\components\\ComponentPalette.tsx": {
    "path": "C:\\Users\\parthd\\OneDrive\\Desktop\\New folder\\PageBuilder\\page-builder\\src\\components\\ComponentPalette.tsx",
    "statementMap": {
      "0": {
        "start": { "line": 8, "column": 42 },
        "end": { "line": 35, "column": 1 }
      },
      "1": {
        "start": { "line": 10, "column": 16 },
        "end": { "line": 15, "column": 4 }
      },
      "2": {
        "start": { "line": 17, "column": 2 },
        "end": { "line": 34, "column": 4 }
      },
      "3": {
        "start": { "line": 22, "column": 10 },
        "end": { "line": 23, "column": null }
      },
      "4": {
        "start": { "line": 25, "column": 27 },
        "end": { "line": 25, "column": 47 }
      },
      "5": {
        "start": { "line": 37, "column": 0 },
        "end": { "line": 37, "column": 32 }
      }
    },
    "fnMap": {
      "0": {
        "name": "(anonymous_0)",
        "decl": {
          "start": { "line": 8, "column": 42 },
          "end": { "line": 8, "column": 43 }
        },
        "loc": {
          "start": { "line": 8, "column": 65 },
          "end": { "line": 35, "column": 1 }
        }
      },
      "1": {
        "name": "(anonymous_1)",
        "decl": {
          "start": { "line": 21, "column": 19 },
          "end": { "line": 21, "column": 20 }
        },
        "loc": {
          "start": { "line": 22, "column": 10 },
          "end": { "line": 23, "column": null }
        }
      },
      "2": {
        "name": "(anonymous_2)",
        "decl": {
          "start": { "line": 25, "column": 21 },
          "end": { "line": 25, "column": 24 }
        },
        "loc": {
          "start": { "line": 25, "column": 27 },
          "end": { "line": 25, "column": 47 }
        }
      }
    },
    "branchMap": {},
    "s": { "0": 0, "1": 0, "2": 0, "3": 0, "4": 0, "5": 0 },
    "f": { "0": 0, "1": 0, "2": 0 },
    "b": {}
  },
  "C:\\Users\\parthd\\OneDrive\\Desktop\\New folder\\PageBuilder\\page-builder\\src\\components\\ComponentRenderer.tsx": {
    "path": "C:\\Users\\parthd\\OneDrive\\Desktop\\New folder\\PageBuilder\\page-builder\\src\\components\\ComponentRenderer.tsx",
    "statementMap": {
      "0": {
        "start": { "line": 2, "column": 0 },
        "end": { "line": 2, "column": 44 }
      },
      "1": {
        "start": { "line": 3, "column": 0 },
        "end": { "line": 3, "column": 48 }
      },
      "2": {
        "start": { "line": 4, "column": 0 },
        "end": { "line": 4, "column": 58 }
      },
      "3": {
        "start": { "line": 5, "column": 0 },
        "end": { "line": 5, "column": 60 }
      },
      "4": {
        "start": { "line": 12, "column": 43 },
        "end": { "line": 26, "column": 1 }
      },
      "5": {
        "start": { "line": 14, "column": 2 },
        "end": { "line": 25, "column": 3 }
      },
      "6": {
        "start": { "line": 16, "column": 6 },
        "end": { "line": 16, "column": 71 }
      },
      "7": {
        "start": { "line": 18, "column": 6 },
        "end": { "line": 18, "column": 73 }
      },
      "8": {
        "start": { "line": 20, "column": 6 },
        "end": { "line": 20, "column": 78 }
      },
      "9": {
        "start": { "line": 22, "column": 6 },
        "end": { "line": 22, "column": 79 }
      },
      "10": {
        "start": { "line": 24, "column": 6 },
        "end": { "line": 24, "column": 55 }
      },
      "11": {
        "start": { "line": 28, "column": 0 },
        "end": { "line": 28, "column": 33 }
      }
    },
    "fnMap": {
      "0": {
        "name": "(anonymous_1)",
        "decl": {
          "start": { "line": 12, "column": 43 },
          "end": { "line": 12, "column": 44 }
        },
        "loc": {
          "start": { "line": 12, "column": 70 },
          "end": { "line": 26, "column": 1 }
        }
      }
    },
    "branchMap": {
      "0": {
        "loc": {
          "start": { "line": 14, "column": 2 },
          "end": { "line": 25, "column": 3 }
        },
        "type": "switch",
        "locations": [
          {
            "start": { "line": 15, "column": 4 },
            "end": { "line": 16, "column": 71 }
          },
          {
            "start": { "line": 17, "column": 4 },
            "end": { "line": 18, "column": 73 }
          },
          {
            "start": { "line": 19, "column": 4 },
            "end": { "line": 20, "column": 78 }
          },
          {
            "start": { "line": 21, "column": 4 },
            "end": { "line": 22, "column": 79 }
          },
          {
            "start": { "line": 23, "column": 4 },
            "end": { "line": 24, "column": 55 }
          }
        ]
      }
    },
    "s": {
      "0": 0,
      "1": 0,
      "2": 0,
      "3": 0,
      "4": 0,
      "5": 0,
      "6": 0,
      "7": 0,
      "8": 0,
      "9": 0,
      "10": 0,
      "11": 0
    },
    "f": { "0": 0 },
    "b": { "0": [0, 0, 0, 0, 0] }
  },
  "C:\\Users\\parthd\\OneDrive\\Desktop\\New folder\\PageBuilder\\page-builder\\src\\components\\ConfigManager.tsx": {
    "path": "C:\\Users\\parthd\\OneDrive\\Desktop\\New folder\\PageBuilder\\page-builder\\src\\components\\ConfigManager.tsx",
    "statementMap": {
      "0": {
        "start": { "line": 1, "column": 0 },
        "end": { "line": 1, "column": 40 }
      },
      "1": {
        "start": { "line": 9, "column": 52 },
        "end": { "line": 192, "column": 1 }
      },
      "2": {
        "start": { "line": 13, "column": 38 },
        "end": { "line": 13, "column": 53 }
      },
      "3": {
        "start": { "line": 15, "column": 35 },
        "end": { "line": 22, "column": 3 }
      },
      "4": {
        "start": { "line": 16, "column": 4 },
        "end": { "line": 21, "column": 5 }
      },
      "5": {
        "start": { "line": 17, "column": 6 },
        "end": { "line": 17, "column": 76 }
      },
      "6": {
        "start": { "line": 18, "column": 6 },
        "end": { "line": 18, "column": 52 }
      },
      "7": {
        "start": { "line": 20, "column": 6 },
        "end": { "line": 20, "column": 73 }
      },
      "8": {
        "start": { "line": 24, "column": 37 },
        "end": { "line": 37, "column": 3 }
      },
      "9": {
        "start": { "line": 25, "column": 4 },
        "end": { "line": 36, "column": 5 }
      },
      "10": {
        "start": { "line": 26, "column": 20 },
        "end": { "line": 26, "column": 61 }
      },
      "11": {
        "start": { "line": 27, "column": 6 },
        "end": { "line": 33, "column": 7 }
      },
      "12": {
        "start": { "line": 28, "column": 23 },
        "end": { "line": 28, "column": 40 }
      },
      "13": {
        "start": { "line": 29, "column": 8 },
        "end": { "line": 29, "column": 29 }
      },
      "14": {
        "start": { "line": 30, "column": 8 },
        "end": { "line": 30, "column": 57 }
      },
      "15": {
        "start": { "line": 32, "column": 8 },
        "end": { "line": 32, "column": 62 }
      },
      "16": {
        "start": { "line": 35, "column": 6 },
        "end": { "line": 35, "column": 73 }
      },
      "17": {
        "start": { "line": 39, "column": 27 },
        "end": { "line": 64, "column": 3 }
      },
      "18": {
        "start": { "line": 40, "column": 4 },
        "end": { "line": 63, "column": 5 }
      },
      "19": {
        "start": { "line": 41, "column": 21 },
        "end": { "line": 45, "column": 8 }
      },
      "20": {
        "start": { "line": 47, "column": 19 },
        "end": { "line": 49, "column": 8 }
      },
      "21": {
        "start": { "line": 51, "column": 18 },
        "end": { "line": 51, "column": 43 }
      },
      "22": {
        "start": { "line": 52, "column": 16 },
        "end": { "line": 52, "column": 43 }
      },
      "23": {
        "start": { "line": 53, "column": 6 },
        "end": { "line": 53, "column": 19 }
      },
      "24": {
        "start": { "line": 54, "column": 6 },
        "end": { "line": 54, "column": 80 }
      },
      "25": {
        "start": { "line": 55, "column": 6 },
        "end": { "line": 55, "column": 35 }
      },
      "26": {
        "start": { "line": 56, "column": 6 },
        "end": { "line": 56, "column": 16 }
      },
      "27": {
        "start": { "line": 57, "column": 6 },
        "end": { "line": 57, "column": 35 }
      },
      "28": {
        "start": { "line": 58, "column": 6 },
        "end": { "line": 58, "column": 31 }
      },
      "29": {
        "start": { "line": 60, "column": 6 },
        "end": { "line": 60, "column": 52 }
      },
      "30": {
        "start": { "line": 62, "column": 6 },
        "end": { "line": 62, "column": 75 }
      },
      "31": {
        "start": { "line": 66, "column": 27 },
        "end": { "line": 90, "column": 3 }
      },
      "32": {
        "start": { "line": 67, "column": 17 },
        "end": { "line": 67, "column": 40 }
      },
      "33": {
        "start": { "line": 68, "column": 4 },
        "end": { "line": 68, "column": 22 }
      },
      "34": {
        "start": { "line": 68, "column": 15 },
        "end": { "line": 68, "column": 22 }
      },
      "35": {
        "start": { "line": 70, "column": 19 },
        "end": { "line": 70, "column": 35 }
      },
      "36": {
        "start": { "line": 71, "column": 4 },
        "end": { "line": 85, "column": 6 }
      },
      "37": {
        "start": { "line": 72, "column": 6 },
        "end": { "line": 84, "column": 7 }
      },
      "38": {
        "start": { "line": 73, "column": 24 },
        "end": { "line": 73, "column": 50 }
      },
      "39": {
        "start": { "line": 74, "column": 23 },
        "end": { "line": 74, "column": 42 }
      },
      "40": {
        "start": { "line": 76, "column": 8 },
        "end": { "line": 81, "column": 9 }
      },
      "41": {
        "start": { "line": 77, "column": 10 },
        "end": { "line": 77, "column": 42 }
      },
      "42": {
        "start": { "line": 78, "column": 10 },
        "end": { "line": 78, "column": 56 }
      },
      "43": {
        "start": { "line": 80, "column": 10 },
        "end": { "line": 80, "column": 53 }
      },
      "44": {
        "start": { "line": 83, "column": 8 },
        "end": { "line": 83, "column": 77 }
      },
      "45": {
        "start": { "line": 87, "column": 4 },
        "end": { "line": 87, "column": 28 }
      },
      "46": {
        "start": { "line": 89, "column": 4 },
        "end": { "line": 89, "column": 28 }
      },
      "47": {
        "start": { "line": 92, "column": 28 },
        "end": { "line": 100, "column": 3 }
      },
      "48": {
        "start": { "line": 93, "column": 4 },
        "end": { "line": 99, "column": 5 }
      },
      "49": {
        "start": { "line": 98, "column": 6 },
        "end": { "line": 98, "column": 23 }
      },
      "50": {
        "start": { "line": 102, "column": 2 },
        "end": { "line": 191, "column": 4 }
      },
      "51": {
        "start": { "line": 108, "column": 25 },
        "end": { "line": 108, "column": 51 }
      },
      "52": {
        "start": { "line": 163, "column": 54 },
        "end": { "line": 163, "column": 60 }
      },
      "53": {
        "start": { "line": 194, "column": 0 },
        "end": { "line": 194, "column": 29 }
      }
    },
    "fnMap": {
      "0": {
        "name": "(anonymous_0)",
        "decl": {
          "start": { "line": 9, "column": 52 },
          "end": { "line": 9, "column": 53 }
        },
        "loc": {
          "start": { "line": 12, "column": 5 },
          "end": { "line": 192, "column": 1 }
        }
      },
      "1": {
        "name": "(anonymous_1)",
        "decl": {
          "start": { "line": 15, "column": 35 },
          "end": { "line": 15, "column": 38 }
        },
        "loc": {
          "start": { "line": 15, "column": 40 },
          "end": { "line": 22, "column": 3 }
        }
      },
      "2": {
        "name": "(anonymous_2)",
        "decl": {
          "start": { "line": 24, "column": 37 },
          "end": { "line": 24, "column": 40 }
        },
        "loc": {
          "start": { "line": 24, "column": 42 },
          "end": { "line": 37, "column": 3 }
        }
      },
      "3": {
        "name": "(anonymous_3)",
        "decl": {
          "start": { "line": 39, "column": 27 },
          "end": { "line": 39, "column": 30 }
        },
        "loc": {
          "start": { "line": 39, "column": 32 },
          "end": { "line": 64, "column": 3 }
        }
      },
      "4": {
        "name": "(anonymous_4)",
        "decl": {
          "start": { "line": 66, "column": 27 },
          "end": { "line": 66, "column": 28 }
        },
        "loc": {
          "start": { "line": 66, "column": 74 },
          "end": { "line": 90, "column": 3 }
        }
      },
      "5": {
        "name": "(anonymous_5)",
        "decl": {
          "start": { "line": 71, "column": 20 },
          "end": { "line": 71, "column": 21 }
        },
        "loc": {
          "start": { "line": 71, "column": 24 },
          "end": { "line": 85, "column": 5 }
        }
      },
      "6": {
        "name": "(anonymous_6)",
        "decl": {
          "start": { "line": 92, "column": 28 },
          "end": { "line": 92, "column": 31 }
        },
        "loc": {
          "start": { "line": 92, "column": 33 },
          "end": { "line": 100, "column": 3 }
        }
      },
      "7": {
        "name": "(anonymous_7)",
        "decl": {
          "start": { "line": 108, "column": 19 },
          "end": { "line": 108, "column": 22 }
        },
        "loc": {
          "start": { "line": 108, "column": 25 },
          "end": { "line": 108, "column": 51 }
        }
      },
      "8": {
        "name": "(anonymous_8)",
        "decl": {
          "start": { "line": 163, "column": 49 },
          "end": { "line": 163, "column": 50 }
        },
        "loc": {
          "start": { "line": 163, "column": 54 },
          "end": { "line": 163, "column": 60 }
        }
      }
    },
    "branchMap": {
      "0": {
        "loc": {
          "start": { "line": 27, "column": 6 },
          "end": { "line": 33, "column": 7 }
        },
        "type": "if",
        "locations": [
          {
            "start": { "line": 27, "column": 6 },
            "end": { "line": 33, "column": 7 }
          },
          {
            "start": { "line": 31, "column": 13 },
            "end": { "line": 33, "column": 7 }
          }
        ]
      },
      "1": {
        "loc": {
          "start": { "line": 67, "column": 17 },
          "end": { "line": 67, "column": 40 }
        },
        "type": "cond-expr",
        "locations": [
          {
            "start": { "line": 67, "column": 35 },
            "end": { "line": 67, "column": 38 }
          },
          {
            "start": { "line": 67, "column": 35 },
            "end": { "line": 67, "column": 40 }
          }
        ]
      },
      "2": {
        "loc": {
          "start": { "line": 67, "column": 17 },
          "end": { "line": 67, "column": 38 }
        },
        "type": "binary-expr",
        "locations": [
          {
            "start": { "line": 67, "column": 17 },
            "end": { "line": 67, "column": 38 }
          },
          {
            "start": { "line": 67, "column": 35 },
            "end": { "line": 67, "column": 38 }
          }
        ]
      },
      "3": {
        "loc": {
          "start": { "line": 68, "column": 4 },
          "end": { "line": 68, "column": 22 }
        },
        "type": "if",
        "locations": [
          {
            "start": { "line": 68, "column": 4 },
            "end": { "line": 68, "column": 22 }
          }
        ]
      },
      "4": {
        "loc": {
          "start": { "line": 73, "column": 24 },
          "end": { "line": 73, "column": 50 }
        },
        "type": "cond-expr",
        "locations": [
          {
            "start": { "line": 73, "column": 32 },
            "end": { "line": 73, "column": 34 }
          },
          {
            "start": { "line": 73, "column": 32 },
            "end": { "line": 73, "column": 50 }
          }
        ]
      },
      "5": {
        "loc": {
          "start": { "line": 73, "column": 24 },
          "end": { "line": 73, "column": 34 }
        },
        "type": "binary-expr",
        "locations": [
          {
            "start": { "line": 73, "column": 24 },
            "end": { "line": 73, "column": 34 }
          },
          {
            "start": { "line": 73, "column": 32 },
            "end": { "line": 73, "column": 34 }
          }
        ]
      },
      "6": {
        "loc": {
          "start": { "line": 76, "column": 8 },
          "end": { "line": 81, "column": 9 }
        },
        "type": "if",
        "locations": [
          {
            "start": { "line": 76, "column": 8 },
            "end": { "line": 81, "column": 9 }
          },
          {
            "start": { "line": 79, "column": 15 },
            "end": { "line": 81, "column": 9 }
          }
        ]
      },
      "7": {
        "loc": {
          "start": { "line": 76, "column": 12 },
          "end": { "line": 76, "column": 65 }
        },
        "type": "binary-expr",
        "locations": [
          {
            "start": { "line": 76, "column": 12 },
            "end": { "line": 76, "column": 29 }
          },
          {
            "start": { "line": 76, "column": 33 },
            "end": { "line": 76, "column": 65 }
          }
        ]
      },
      "8": {
        "loc": {
          "start": { "line": 93, "column": 4 },
          "end": { "line": 99, "column": 5 }
        },
        "type": "if",
        "locations": [
          {
            "start": { "line": 93, "column": 4 },
            "end": { "line": 99, "column": 5 }
          }
        ]
      },
      "9": {
        "loc": {
          "start": { "line": 109, "column": 17 },
          "end": { "line": 109, "column": 51 }
        },
        "type": "cond-expr",
        "locations": [
          {
            "start": { "line": 109, "column": 30 },
            "end": { "line": 109, "column": 40 }
          },
          {
            "start": { "line": 109, "column": 43 },
            "end": { "line": 109, "column": 51 }
          }
        ]
      },
      "10": {
        "loc": {
          "start": { "line": 111, "column": 11 },
          "end": { "line": 111, "column": 33 }
        },
        "type": "cond-expr",
        "locations": [
          {
            "start": { "line": 111, "column": 24 },
            "end": { "line": 111, "column": 27 }
          },
          {
            "start": { "line": 111, "column": 30 },
            "end": { "line": 111, "column": 33 }
          }
        ]
      },
      "11": {
        "loc": {
          "start": { "line": 115, "column": 7 },
          "end": { "line": 188, "column": null }
        },
        "type": "binary-expr",
        "locations": [
          {
            "start": { "line": 115, "column": 7 },
            "end": { "line": 115, "column": 17 }
          },
          {
            "start": { "line": 116, "column": 8 },
            "end": { "line": 187, "column": null }
          }
        ]
      },
      "12": {
        "loc": {
          "start": { "line": 163, "column": 15 },
          "end": { "line": 164, "column": 22 }
        },
        "type": "binary-expr",
        "locations": [
          {
            "start": { "line": 163, "column": 15 },
            "end": { "line": 163, "column": 74 }
          },
          {
            "start": { "line": 164, "column": 16 },
            "end": { "line": 164, "column": 22 }
          }
        ]
      }
    },
    "s": {
      "0": 0,
      "1": 0,
      "2": 0,
      "3": 0,
      "4": 0,
      "5": 0,
      "6": 0,
      "7": 0,
      "8": 0,
      "9": 0,
      "10": 0,
      "11": 0,
      "12": 0,
      "13": 0,
      "14": 0,
      "15": 0,
      "16": 0,
      "17": 0,
      "18": 0,
      "19": 0,
      "20": 0,
      "21": 0,
      "22": 0,
      "23": 0,
      "24": 0,
      "25": 0,
      "26": 0,
      "27": 0,
      "28": 0,
      "29": 0,
      "30": 0,
      "31": 0,
      "32": 0,
      "33": 0,
      "34": 0,
      "35": 0,
      "36": 0,
      "37": 0,
      "38": 0,
      "39": 0,
      "40": 0,
      "41": 0,
      "42": 0,
      "43": 0,
      "44": 0,
      "45": 0,
      "46": 0,
      "47": 0,
      "48": 0,
      "49": 0,
      "50": 0,
      "51": 0,
      "52": 0,
      "53": 0
    },
    "f": {
      "0": 0,
      "1": 0,
      "2": 0,
      "3": 0,
      "4": 0,
      "5": 0,
      "6": 0,
      "7": 0,
      "8": 0
    },
    "b": {
      "0": [0, 0],
      "1": [0, 0],
      "2": [0, 0],
      "3": [0],
      "4": [0, 0],
      "5": [0, 0],
      "6": [0, 0],
      "7": [0, 0],
      "8": [0],
      "9": [0, 0],
      "10": [0, 0],
      "11": [0, 0],
      "12": [0, 0]
    }
  },
  "C:\\Users\\parthd\\OneDrive\\Desktop\\New folder\\PageBuilder\\page-builder\\src\\components\\FormulaFieldComponent.tsx": {
    "path": "C:\\Users\\parthd\\OneDrive\\Desktop\\New folder\\PageBuilder\\page-builder\\src\\components\\FormulaFieldComponent.tsx",
    "statementMap": {
      "0": {
        "start": { "line": 3, "column": 0 },
        "end": { "line": 3, "column": 78 }
      },
      "1": {
        "start": { "line": 11, "column": 47 },
        "end": { "line": 133, "column": 1 }
      },
      "2": {
        "start": { "line": 12, "column": 18 },
        "end": { "line": 12, "column": 62 }
      },
      "3": {
        "start": { "line": 13, "column": 17 },
        "end": { "line": 13, "column": 56 }
      },
      "4": {
        "start": { "line": 14, "column": 18 },
        "end": { "line": 14, "column": 62 }
      },
      "5": {
        "start": { "line": 17, "column": 27 },
        "end": { "line": 53, "column": 3 }
      },
      "6": {
        "start": { "line": 18, "column": 68 },
        "end": { "line": 18, "column": 70 }
      },
      "7": {
        "start": { "line": 21, "column": 20 },
        "end": { "line": 21, "column": 49 }
      },
      "8": {
        "start": { "line": 22, "column": 4 },
        "end": { "line": 50, "column": 5 }
      },
      "9": {
        "start": { "line": 23, "column": 6 },
        "end": { "line": 49, "column": 9 }
      },
      "10": {
        "start": { "line": 24, "column": 20 },
        "end": { "line": 24, "column": 38 }
      },
      "11": {
        "start": { "line": 27, "column": 8 },
        "end": { "line": 48, "column": 9 }
      },
      "12": {
        "start": { "line": 34, "column": 23 },
        "end": { "line": 37, "column": 45 }
      },
      "13": {
        "start": { "line": 36, "column": 22 },
        "end": { "line": 36, "column": 30 }
      },
      "14": {
        "start": { "line": 37, "column": 25 },
        "end": { "line": 37, "column": 44 }
      },
      "15": {
        "start": { "line": 38, "column": 10 },
        "end": { "line": 42, "column": 13 }
      },
      "16": {
        "start": { "line": 39, "column": 12 },
        "end": { "line": 41, "column": 13 }
      },
      "17": {
        "start": { "line": 40, "column": 14 },
        "end": { "line": 40, "column": 40 }
      },
      "18": {
        "start": { "line": 45, "column": 10 },
        "end": { "line": 47, "column": 11 }
      },
      "19": {
        "start": { "line": 46, "column": 12 },
        "end": { "line": 46, "column": 42 }
      },
      "20": {
        "start": { "line": 52, "column": 4 },
        "end": { "line": 52, "column": 21 }
      },
      "21": {
        "start": { "line": 55, "column": 20 },
        "end": { "line": 55, "column": 60 }
      },
      "22": {
        "start": { "line": 57, "column": 21 },
        "end": { "line": 59, "column": null }
      },
      "23": {
        "start": { "line": 62, "column": 2 },
        "end": { "line": 132, "column": 4 }
      },
      "24": {
        "start": { "line": 81, "column": 14 },
        "end": { "line": 82, "column": null }
      },
      "25": {
        "start": { "line": 135, "column": 0 },
        "end": { "line": 135, "column": 37 }
      }
    },
    "fnMap": {
      "0": {
        "name": "(anonymous_0)",
        "decl": {
          "start": { "line": 11, "column": 47 },
          "end": { "line": 11, "column": 48 }
        },
        "loc": {
          "start": { "line": 11, "column": 74 },
          "end": { "line": 133, "column": 1 }
        }
      },
      "1": {
        "name": "(anonymous_1)",
        "decl": {
          "start": { "line": 17, "column": 27 },
          "end": { "line": 17, "column": 28 }
        },
        "loc": {
          "start": { "line": 17, "column": 65 },
          "end": { "line": 53, "column": 3 }
        }
      },
      "2": {
        "name": "(anonymous_2)",
        "decl": {
          "start": { "line": 23, "column": 22 },
          "end": { "line": 23, "column": 27 }
        },
        "loc": {
          "start": { "line": 23, "column": 30 },
          "end": { "line": 49, "column": 7 }
        }
      },
      "3": {
        "name": "(anonymous_3)",
        "decl": {
          "start": { "line": 36, "column": 17 },
          "end": { "line": 36, "column": 18 }
        },
        "loc": {
          "start": { "line": 36, "column": 22 },
          "end": { "line": 36, "column": 30 }
        }
      },
      "4": {
        "name": "(anonymous_4)",
        "decl": {
          "start": { "line": 37, "column": 20 },
          "end": { "line": 37, "column": 21 }
        },
        "loc": {
          "start": { "line": 37, "column": 25 },
          "end": { "line": 37, "column": 44 }
        }
      },
      "5": {
        "name": "(anonymous_5)",
        "decl": {
          "start": { "line": 38, "column": 23 },
          "end": { "line": 38, "column": 24 }
        },
        "loc": {
          "start": { "line": 38, "column": 27 },
          "end": { "line": 42, "column": 11 }
        }
      },
      "6": {
        "name": "(anonymous_6)",
        "decl": {
          "start": { "line": 80, "column": 43 },
          "end": { "line": 80, "column": 44 }
        },
        "loc": {
          "start": { "line": 81, "column": 14 },
          "end": { "line": 82, "column": null }
        }
      }
    },
    "branchMap": {
      "0": {
        "loc": {
          "start": { "line": 12, "column": 18 },
          "end": { "line": 12, "column": 62 }
        },
        "type": "binary-expr",
        "locations": [
          {
            "start": { "line": 12, "column": 18 },
            "end": { "line": 12, "column": 56 }
          },
          {
            "start": { "line": 12, "column": 60 },
            "end": { "line": 12, "column": 62 }
          }
        ]
      },
      "1": {
        "loc": {
          "start": { "line": 13, "column": 42 },
          "end": { "line": 13, "column": 55 }
        },
        "type": "binary-expr",
        "locations": [
          {
            "start": { "line": 13, "column": 42 },
            "end": { "line": 13, "column": 49 }
          },
          {
            "start": { "line": 13, "column": 53 },
            "end": { "line": 13, "column": 55 }
          }
        ]
      },
      "2": {
        "loc": {
          "start": { "line": 14, "column": 48 },
          "end": { "line": 14, "column": 61 }
        },
        "type": "binary-expr",
        "locations": [
          {
            "start": { "line": 14, "column": 48 },
            "end": { "line": 14, "column": 55 }
          },
          {
            "start": { "line": 14, "column": 59 },
            "end": { "line": 14, "column": 61 }
          }
        ]
      },
      "3": {
        "loc": {
          "start": { "line": 22, "column": 4 },
          "end": { "line": 50, "column": 5 }
        },
        "type": "if",
        "locations": [
          {
            "start": { "line": 22, "column": 4 },
            "end": { "line": 50, "column": 5 }
          }
        ]
      },
      "4": {
        "loc": {
          "start": { "line": 27, "column": 8 },
          "end": { "line": 48, "column": 9 }
        },
        "type": "if",
        "locations": [
          {
            "start": { "line": 27, "column": 8 },
            "end": { "line": 48, "column": 9 }
          },
          {
            "start": { "line": 43, "column": 15 },
            "end": { "line": 48, "column": 9 }
          }
        ]
      },
      "5": {
        "loc": {
          "start": { "line": 28, "column": 10 },
          "end": { "line": 31, "column": 27 }
        },
        "type": "binary-expr",
        "locations": [
          {
            "start": { "line": 28, "column": 10 },
            "end": { "line": 28, "column": 27 }
          },
          {
            "start": { "line": 29, "column": 10 },
            "end": { "line": 29, "column": 27 }
          },
          {
            "start": { "line": 30, "column": 10 },
            "end": { "line": 30, "column": 27 }
          },
          {
            "start": { "line": 31, "column": 10 },
            "end": { "line": 31, "column": 27 }
          }
        ]
      },
      "6": {
        "loc": {
          "start": { "line": 37, "column": 25 },
          "end": { "line": 37, "column": 44 }
        },
        "type": "binary-expr",
        "locations": [
          {
            "start": { "line": 37, "column": 25 },
            "end": { "line": 37, "column": 26 }
          },
          {
            "start": { "line": 37, "column": 30 },
            "end": { "line": 37, "column": 44 }
          }
        ]
      },
      "7": {
        "loc": {
          "start": { "line": 39, "column": 12 },
          "end": { "line": 41, "column": 13 }
        },
        "type": "if",
        "locations": [
          {
            "start": { "line": 39, "column": 12 },
            "end": { "line": 41, "column": 13 }
          }
        ]
      },
      "8": {
        "loc": {
          "start": { "line": 45, "column": 10 },
          "end": { "line": 47, "column": 11 }
        },
        "type": "if",
        "locations": [
          {
            "start": { "line": 45, "column": 10 },
            "end": { "line": 47, "column": 11 }
          }
        ]
      },
      "9": {
        "loc": {
          "start": { "line": 55, "column": 46 },
          "end": { "line": 55, "column": 59 }
        },
        "type": "binary-expr",
        "locations": [
          {
            "start": { "line": 55, "column": 46 },
            "end": { "line": 55, "column": 53 }
          },
          {
            "start": { "line": 55, "column": 57 },
            "end": { "line": 55, "column": 59 }
          }
        ]
      },
      "10": {
        "loc": {
          "start": { "line": 57, "column": 22 },
          "end": { "line": 57, "column": 59 }
        },
        "type": "binary-expr",
        "locations": [
          {
            "start": { "line": 57, "column": 22 },
            "end": { "line": 57, "column": 48 }
          },
          {
            "start": { "line": 57, "column": 52 },
            "end": { "line": 57, "column": 59 }
          }
        ]
      },
      "11": {
        "loc": {
          "start": { "line": 78, "column": 9 },
          "end": { "line": 92, "column": null }
        },
        "type": "binary-expr",
        "locations": [
          {
            "start": { "line": 78, "column": 9 },
            "end": { "line": 78, "column": 42 }
          },
          {
            "start": { "line": 79, "column": 10 },
            "end": { "line": 91, "column": null }
          }
        ]
      },
      "12": {
        "loc": {
          "start": { "line": 96, "column": 9 },
          "end": { "line": 106, "column": null }
        },
        "type": "binary-expr",
        "locations": [
          {
            "start": { "line": 96, "column": 9 },
            "end": { "line": 96, "column": 16 }
          },
          {
            "start": { "line": 97, "column": 10 },
            "end": { "line": 105, "column": null }
          }
        ]
      },
      "13": {
        "loc": {
          "start": { "line": 122, "column": 11 },
          "end": { "line": 127, "column": null }
        },
        "type": "cond-expr",
        "locations": [
          {
            "start": { "line": 123, "column": 12 },
            "end": { "line": 123, "column": 52 }
          },
          {
            "start": { "line": 125, "column": 12 },
            "end": { "line": 126, "column": null }
          }
        ]
      },
      "14": {
        "loc": {
          "start": { "line": 126, "column": 15 },
          "end": { "line": 126, "column": 48 }
        },
        "type": "binary-expr",
        "locations": [
          {
            "start": { "line": 126, "column": 15 },
            "end": { "line": 126, "column": 27 }
          },
          {
            "start": { "line": 126, "column": 31 },
            "end": { "line": 126, "column": 48 }
          }
        ]
      }
    },
    "s": {
      "0": 0,
      "1": 0,
      "2": 0,
      "3": 0,
      "4": 0,
      "5": 0,
      "6": 0,
      "7": 0,
      "8": 0,
      "9": 0,
      "10": 0,
      "11": 0,
      "12": 0,
      "13": 0,
      "14": 0,
      "15": 0,
      "16": 0,
      "17": 0,
      "18": 0,
      "19": 0,
      "20": 0,
      "21": 0,
      "22": 0,
      "23": 0,
      "24": 0,
      "25": 0
    },
    "f": { "0": 0, "1": 0, "2": 0, "3": 0, "4": 0, "5": 0, "6": 0 },
    "b": {
      "0": [0, 0],
      "1": [0, 0],
      "2": [0, 0],
      "3": [0],
      "4": [0, 0],
      "5": [0, 0, 0, 0],
      "6": [0, 0],
      "7": [0],
      "8": [0],
      "9": [0, 0],
      "10": [0, 0],
      "11": [0, 0],
      "12": [0, 0],
      "13": [0, 0],
      "14": [0, 0]
    }
  },
  "C:\\Users\\parthd\\OneDrive\\Desktop\\New folder\\PageBuilder\\page-builder\\src\\components\\Inspector.tsx": {
    "path": "C:\\Users\\parthd\\OneDrive\\Desktop\\New folder\\PageBuilder\\page-builder\\src\\components\\Inspector.tsx",
    "statementMap": {
      "0": {
        "start": { "line": 9, "column": 35 },
        "end": { "line": 325, "column": 1 }
      },
      "1": {
        "start": { "line": 14, "column": 2 },
        "end": { "line": 23, "column": 3 }
      },
      "2": {
        "start": { "line": 15, "column": 4 },
        "end": { "line": 22, "column": 6 }
      },
      "3": {
        "start": { "line": 26, "column": 23 },
        "end": { "line": 35, "column": 3 }
      },
      "4": {
        "start": { "line": 27, "column": 17 },
        "end": { "line": 31, "column": null }
      },
      "5": {
        "start": { "line": 34, "column": 4 },
        "end": { "line": 34, "column": 31 }
      },
      "6": {
        "start": { "line": 38, "column": 22 },
        "end": { "line": 57, "column": 3 }
      },
      "7": {
        "start": { "line": 44, "column": 4 },
        "end": { "line": 56, "column": 6 }
      },
      "8": {
        "start": { "line": 51, "column": 25 },
        "end": { "line": 51, "column": 58 }
      },
      "9": {
        "start": { "line": 60, "column": 32 },
        "end": { "line": 183, "column": 3 }
      },
      "10": {
        "start": { "line": 61, "column": 25 },
        "end": { "line": 61, "column": 65 }
      },
      "11": {
        "start": { "line": 63, "column": 24 },
        "end": { "line": 75, "column": 5 }
      },
      "12": {
        "start": { "line": 64, "column": 19 },
        "end": { "line": 70, "column": null }
      },
      "13": {
        "start": { "line": 74, "column": 6 },
        "end": { "line": 74, "column": 33 }
      },
      "14": {
        "start": { "line": 77, "column": 4 },
        "end": { "line": 182, "column": 6 }
      },
      "15": {
        "start": { "line": 93, "column": 26 },
        "end": { "line": 93, "column": 40 }
      },
      "16": {
        "start": { "line": 94, "column": 14 },
        "end": { "line": 97, "column": 15 }
      },
      "17": {
        "start": { "line": 95, "column": 16 },
        "end": { "line": 95, "column": 44 }
      },
      "18": {
        "start": { "line": 96, "column": 16 },
        "end": { "line": 96, "column": 23 }
      },
      "19": {
        "start": { "line": 98, "column": 30 },
        "end": { "line": 98, "column": 47 }
      },
      "20": {
        "start": { "line": 99, "column": 14 },
        "end": { "line": 102, "column": 15 }
      },
      "21": {
        "start": { "line": 100, "column": 16 },
        "end": { "line": 100, "column": 44 }
      },
      "22": {
        "start": { "line": 101, "column": 16 },
        "end": { "line": 101, "column": 23 }
      },
      "23": {
        "start": { "line": 103, "column": 14 },
        "end": { "line": 103, "column": 54 }
      },
      "24": {
        "start": { "line": 117, "column": 27 },
        "end": { "line": 117, "column": 63 }
      },
      "25": {
        "start": { "line": 129, "column": 27 },
        "end": { "line": 129, "column": 73 }
      },
      "26": {
        "start": { "line": 140, "column": 27 },
        "end": { "line": 140, "column": 67 }
      },
      "27": {
        "start": { "line": 155, "column": 27 },
        "end": { "line": 155, "column": 68 }
      },
      "28": {
        "start": { "line": 170, "column": 29 },
        "end": { "line": 170, "column": 72 }
      },
      "29": {
        "start": { "line": 186, "column": 23 },
        "end": { "line": 298, "column": 3 }
      },
      "30": {
        "start": { "line": 187, "column": 4 },
        "end": { "line": 297, "column": 5 }
      },
      "31": {
        "start": { "line": 189, "column": 8 },
        "end": { "line": 193, "column": 10 }
      },
      "32": {
        "start": { "line": 196, "column": 8 },
        "end": { "line": 244, "column": 10 }
      },
      "33": {
        "start": { "line": 208, "column": 31 },
        "end": { "line": 208, "column": 69 }
      },
      "34": {
        "start": { "line": 247, "column": 8 },
        "end": { "line": 277, "column": 10 }
      },
      "35": {
        "start": { "line": 261, "column": 32 },
        "end": { "line": 261, "column": 46 }
      },
      "36": {
        "start": { "line": 263, "column": 18 },
        "end": { "line": 265, "column": 19 }
      },
      "37": {
        "start": { "line": 264, "column": 20 },
        "end": { "line": 264, "column": 55 }
      },
      "38": {
        "start": { "line": 280, "column": 8 },
        "end": { "line": 293, "column": 10 }
      },
      "39": {
        "start": { "line": 296, "column": 8 },
        "end": { "line": 296, "column": 39 }
      },
      "40": {
        "start": { "line": 300, "column": 2 },
        "end": { "line": 324, "column": 4 }
      },
      "41": {
        "start": { "line": 327, "column": 0 },
        "end": { "line": 327, "column": 25 }
      }
    },
    "fnMap": {
      "0": {
        "name": "(anonymous_0)",
        "decl": {
          "start": { "line": 9, "column": 35 },
          "end": { "line": 9, "column": 36 }
        },
        "loc": {
          "start": { "line": 12, "column": 5 },
          "end": { "line": 325, "column": 1 }
        }
      },
      "1": {
        "name": "(anonymous_1)",
        "decl": {
          "start": { "line": 26, "column": 23 },
          "end": { "line": 26, "column": 24 }
        },
        "loc": {
          "start": { "line": 26, "column": 63 },
          "end": { "line": 35, "column": 3 }
        }
      },
      "2": {
        "name": "(anonymous_2)",
        "decl": {
          "start": { "line": 38, "column": 22 },
          "end": { "line": 38, "column": null }
        },
        "loc": {
          "start": { "line": 43, "column": 6 },
          "end": { "line": 57, "column": 3 }
        }
      },
      "3": {
        "name": "(anonymous_3)",
        "decl": {
          "start": { "line": 51, "column": 20 },
          "end": { "line": 51, "column": 21 }
        },
        "loc": {
          "start": { "line": 51, "column": 25 },
          "end": { "line": 51, "column": 58 }
        }
      },
      "4": {
        "name": "(anonymous_4)",
        "decl": {
          "start": { "line": 60, "column": 32 },
          "end": { "line": 60, "column": 35 }
        },
        "loc": {
          "start": { "line": 60, "column": 37 },
          "end": { "line": 183, "column": 3 }
        }
      },
      "5": {
        "name": "(anonymous_5)",
        "decl": {
          "start": { "line": 63, "column": 24 },
          "end": { "line": 63, "column": 25 }
        },
        "loc": {
          "start": { "line": 63, "column": 60 },
          "end": { "line": 75, "column": 5 }
        }
      },
      "6": {
        "name": "(anonymous_6)",
        "decl": {
          "start": { "line": 92, "column": 22 },
          "end": { "line": 92, "column": 23 }
        },
        "loc": {
          "start": { "line": 92, "column": 26 },
          "end": { "line": 104, "column": 13 }
        }
      },
      "7": {
        "name": "(anonymous_7)",
        "decl": {
          "start": { "line": 117, "column": 22 },
          "end": { "line": 117, "column": 23 }
        },
        "loc": {
          "start": { "line": 117, "column": 27 },
          "end": { "line": 117, "column": 63 }
        }
      },
      "8": {
        "name": "(anonymous_8)",
        "decl": {
          "start": { "line": 129, "column": 22 },
          "end": { "line": 129, "column": 23 }
        },
        "loc": {
          "start": { "line": 129, "column": 27 },
          "end": { "line": 129, "column": 73 }
        }
      },
      "9": {
        "name": "(anonymous_9)",
        "decl": {
          "start": { "line": 140, "column": 22 },
          "end": { "line": 140, "column": 23 }
        },
        "loc": {
          "start": { "line": 140, "column": 27 },
          "end": { "line": 140, "column": 67 }
        }
      },
      "10": {
        "name": "(anonymous_10)",
        "decl": {
          "start": { "line": 155, "column": 22 },
          "end": { "line": 155, "column": 23 }
        },
        "loc": {
          "start": { "line": 155, "column": 27 },
          "end": { "line": 155, "column": 68 }
        }
      },
      "11": {
        "name": "(anonymous_11)",
        "decl": {
          "start": { "line": 170, "column": 24 },
          "end": { "line": 170, "column": 25 }
        },
        "loc": {
          "start": { "line": 170, "column": 29 },
          "end": { "line": 170, "column": 72 }
        }
      },
      "12": {
        "name": "(anonymous_12)",
        "decl": {
          "start": { "line": 186, "column": 23 },
          "end": { "line": 186, "column": 26 }
        },
        "loc": {
          "start": { "line": 186, "column": 28 },
          "end": { "line": 298, "column": 3 }
        }
      },
      "13": {
        "name": "(anonymous_13)",
        "decl": {
[...]
        "end": { "line": 43, "column": 1 }
      },
      "9": {
        "start": { "line": 36, "column": 2 },
        "end": { "line": 36, "column": 37 }
      },
      "10": {
        "start": { "line": 36, "column": 25 },
        "end": { "line": 36, "column": 37 }
      },
      "11": {
        "start": { "line": 39, "column": 2 },
        "end": { "line": 42, "column": 5 }
      },
      "12": {
        "start": { "line": 40, "column": 18 },
        "end": { "line": 40, "column": 30 }
      },
      "13": {
        "start": { "line": 41, "column": 4 },
        "end": { "line": 41, "column": 55 }
      },
      "14": {
        "start": { "line": 35, "column": 13 },
        "end": { "line": 35, "column": 34 }
      },
      "15": {
        "start": { "line": 46, "column": 34 },
        "end": { "line": 48, "column": 1 }
      },
      "16": {
        "start": { "line": 47, "column": 2 },
        "end": { "line": 47, "column": 24 }
      },
      "17": {
        "start": { "line": 46, "column": 13 },
        "end": { "line": 46, "column": 34 }
      }
    },
    "fnMap": {
      "0": {
        "name": "(anonymous_0)",
        "decl": {
          "start": { "line": 4, "column": 28 },
          "end": { "line": 4, "column": null }
        },
        "loc": {
          "start": { "line": 6, "column": 58 },
          "end": { "line": 32, "column": 1 }
        }
      },
      "1": {
        "name": "(anonymous_1)",
        "decl": {
          "start": { "line": 35, "column": 34 },
          "end": { "line": 35, "column": 35 }
        },
        "loc": {
          "start": { "line": 35, "column": 77 },
          "end": { "line": 43, "column": 1 }
        }
      },
      "2": {
        "name": "(anonymous_2)",
        "decl": {
          "start": { "line": 39, "column": 38 },
          "end": { "line": 39, "column": 39 }
        },
        "loc": {
          "start": { "line": 39, "column": 53 },
          "end": { "line": 42, "column": 3 }
        }
      },
      "3": {
        "name": "(anonymous_3)",
        "decl": {
          "start": { "line": 46, "column": 34 },
          "end": { "line": 46, "column": 35 }
        },
        "loc": {
          "start": { "line": 46, "column": 77 },
          "end": { "line": 48, "column": 1 }
        }
      }
    },
    "branchMap": {
      "0": {
        "loc": {
          "start": { "line": 11, "column": 4 },
          "end": { "line": 20, "column": 5 }
        },
        "type": "if",
        "locations": [
          {
            "start": { "line": 11, "column": 4 },
            "end": { "line": 20, "column": 5 }
          }
        ]
      },
      "1": {
        "loc": {
          "start": { "line": 12, "column": 6 },
          "end": { "line": 14, "column": 27 }
        },
        "type": "binary-expr",
        "locations": [
          {
            "start": { "line": 12, "column": 6 },
            "end": { "line": 12, "column": 32 }
          },
          {
            "start": { "line": 13, "column": 6 },
            "end": { "line": 13, "column": 21 }
          },
          {
            "start": { "line": 14, "column": 6 },
            "end": { "line": 14, "column": 27 }
          }
        ]
      },
      "2": {
        "loc": {
          "start": { "line": 29, "column": 13 },
          "end": { "line": 29, "column": 75 }
        },
        "type": "cond-expr",
        "locations": [
          {
            "start": { "line": 29, "column": 38 },
            "end": { "line": 29, "column": 51 }
          },
          {
            "start": { "line": 29, "column": 54 },
            "end": { "line": 29, "column": 75 }
          }
        ]
      },
      "3": {
        "loc": {
          "start": { "line": 36, "column": 2 },
          "end": { "line": 36, "column": 37 }
        },
        "type": "if",
        "locations": [
          {
            "start": { "line": 36, "column": 2 },
            "end": { "line": 36, "column": 37 }
          }
        ]
      },
      "4": {
        "loc": {
          "start": { "line": 36, "column": 6 },
          "end": { "line": 36, "column": 23 }
        },
        "type": "binary-expr",
        "locations": [
          {
            "start": { "line": 36, "column": 6 },
            "end": { "line": 36, "column": 11 }
          },
          {
            "start": { "line": 36, "column": 15 },
            "end": { "line": 36, "column": 23 }
          }
        ]
      },
      "5": {
        "loc": {
          "start": { "line": 41, "column": 11 },
          "end": { "line": 41, "column": 54 }
        },
        "type": "cond-expr",
        "locations": [
          {
            "start": { "line": 41, "column": 33 },
            "end": { "line": 41, "column": 46 }
          },
          {
            "start": { "line": 41, "column": 49 },
            "end": { "line": 41, "column": 54 }
          }
        ]
      }
    },
    "s": {
      "0": 1,
      "1": 0,
      "2": 0,
      "3": 0,
      "4": 0,
      "5": 0,
      "6": 0,
      "7": 1,
      "8": 1,
      "9": 23,
      "10": 3,
      "11": 20,
      "12": 126,
      "13": 126,
      "14": 1,
      "15": 1,
      "16": 0,
      "17": 1
    },
    "f": { "0": 0, "1": 23, "2": 126, "3": 0 },
    "b": {
      "0": [0],
      "1": [0, 0, 0],
      "2": [0, 0],
      "3": [3],
      "4": [23, 22],
      "5": [122, 4]
    }
  },
  "C:\\Users\\parthd\\OneDrive\\Desktop\\New folder\\PageBuilder\\page-builder\\src\\utils\\formulaUtils.ts": {
    "path": "C:\\Users\\parthd\\OneDrive\\Desktop\\New folder\\PageBuilder\\page-builder\\src\\utils\\formulaUtils.ts",
    "statementMap": {
      "0": {
        "start": { "line": 4, "column": 31 },
        "end": { "line": 86, "column": 1 }
      },
      "1": {
        "start": { "line": 8, "column": 2 },
        "end": { "line": 10, "column": 3 }
      },
      "2": {
        "start": { "line": 9, "column": 4 },
        "end": { "line": 9, "column": 57 }
      },
      "3": {
        "start": { "line": 12, "column": 2 },
        "end": { "line": 85, "column": 3 }
      },
      "4": {
        "start": { "line": 14, "column": 27 },
        "end": { "line": 14, "column": 34 }
      },
      "5": {
        "start": { "line": 17, "column": 4 },
        "end": { "line": 52, "column": 6 }
      },
      "6": {
        "start": { "line": 21, "column": 8 },
        "end": { "line": 50, "column": 9 }
      },
      "7": {
        "start": { "line": 28, "column": 27 },
        "end": { "line": 28, "column": 30 }
      },
      "8": {
        "start": { "line": 31, "column": 10 },
        "end": { "line": 34, "column": 11 }
      },
      "9": {
        "start": { "line": 32, "column": 26 },
        "end": { "line": 32, "column": 64 }
      },
      "10": {
        "start": { "line": 33, "column": 12 },
        "end": { "line": 33, "column": 80 }
      },
      "11": {
        "start": { "line": 37, "column": 32 },
        "end": { "line": 37, "column": 79 }
      },
      "12": {
        "start": { "line": 38, "column": 10 },
        "end": { "line": 40, "column": 11 }
      },
      "13": {
        "start": { "line": 39, "column": 12 },
        "end": { "line": 39, "column": 75 }
      },
      "14": {
        "start": { "line": 42, "column": 10 },
        "end": { "line": 42, "column": 35 }
      },
      "15": {
        "start": { "line": 45, "column": 24 },
        "end": { "line": 45, "column": 36 }
      },
      "16": {
        "start": { "line": 46, "column": 10 },
        "end": { "line": 48, "column": 11 }
      },
      "17": {
        "start": { "line": 47, "column": 12 },
        "end": { "line": 47, "column": 62 }
      },
      "18": {
        "start": { "line": 49, "column": 10 },
        "end": { "line": 49, "column": 31 }
      },
      "19": {
        "start": { "line": 55, "column": 24 },
        "end": { "line": 55, "column": 44 }
      },
      "20": {
        "start": { "line": 56, "column": 4 },
        "end": { "line": 58, "column": 5 }
      },
      "21": {
        "start": { "line": 57, "column": 6 },
        "end": { "line": 57, "column": 60 }
      },
      "22": {
        "start": { "line": 61, "column": 4 },
        "end": { "line": 63, "column": 5 }
      },
      "23": {
        "start": { "line": 62, "column": 6 },
        "end": { "line": 62, "column": 69 }
      },
      "24": {
        "start": { "line": 66, "column": 4 },
        "end": { "line": 68, "column": 5 }
      },
      "25": {
        "start": { "line": 67, "column": 6 },
        "end": { "line": 67, "column": 60 }
      },
      "26": {
        "start": { "line": 71, "column": 19 },
        "end": { "line": 73, "column": 7 }
      },
      "27": {
        "start": { "line": 75, "column": 4 },
        "end": { "line": 77, "column": 5 }
      },
      "28": {
        "start": { "line": 76, "column": 6 },
        "end": { "line": 76, "column": 62 }
      },
      "29": {
        "start": { "line": 79, "column": 4 },
        "end": { "line": 79, "column": 37 }
      },
      "30": {
        "start": { "line": 81, "column": 4 },
        "end": { "line": 84, "column": 6 }
      },
      "31": {
        "start": { "line": 4, "column": 13 },
        "end": { "line": 4, "column": 31 }
      },
      "32": {
        "start": { "line": 89, "column": 36 },
        "end": { "line": 122, "column": 1 }
      },
      "33": {
        "start": { "line": 93, "column": 2 },
        "end": { "line": 93, "column": 31 }
      },
      "34": {
        "start": { "line": 93, "column": 16 },
        "end": { "line": 93, "column": 31 }
      },
      "35": {
        "start": { "line": 95, "column": 2 },
        "end": { "line": 121, "column": 3 }
      },
      "36": {
        "start": { "line": 96, "column": 4 },
        "end": { "line": 118, "column": 7 }
      },
      "37": {
        "start": { "line": 98, "column": 6 },
        "end": { "line": 117, "column": 7 }
      },
      "38": {
        "start": { "line": 104, "column": 25 },
        "end": { "line": 104, "column": 28 }
      },
      "39": {
        "start": { "line": 107, "column": 8 },
        "end": { "line": 110, "column": 9 }
      },
      "40": {
        "start": { "line": 108, "column": 24 },
        "end": { "line": 108, "column": 62 }
      },
      "41": {
        "start": { "line": 109, "column": 10 },
        "end": { "line": 109, "column": 78 }
      },
      "42": {
        "start": { "line": 112, "column": 8 },
        "end": { "line": 112, "column": 26 }
      },
      "43": {
        "start": { "line": 115, "column": 22 },
        "end": { "line": 115, "column": 34 }
      },
      "44": {
        "start": { "line": 116, "column": 8 },
        "end": { "line": 116, "column": 59 }
      },
      "45": {
        "start": { "line": 120, "column": 4 },
        "end": { "line": 120, "column": 19 }
      },
      "46": {
        "start": { "line": 89, "column": 13 },
        "end": { "line": 89, "column": 36 }
      }
    },
    "fnMap": {
      "0": {
        "name": "(anonymous_0)",
        "decl": {
          "start": { "line": 4, "column": 31 },
          "end": { "line": 4, "column": null }
        },
        "loc": {
          "start": { "line": 7, "column": 59 },
          "end": { "line": 86, "column": 1 }
        }
      },
      "1": {
        "name": "(anonymous_1)",
        "decl": {
          "start": { "line": 19, "column": 6 },
          "end": { "line": 19, "column": 7 }
        },
        "loc": {
          "start": { "line": 19, "column": 22 },
          "end": { "line": 51, "column": 7 }
        }
      },
      "2": {
        "name": "(anonymous_2)",
        "decl": {
          "start": { "line": 89, "column": 36 },
          "end": { "line": 89, "column": null }
        },
        "loc": {
          "start": { "line": 92, "column": 12 },
          "end": { "line": 122, "column": 1 }
        }
      },
      "3": {
        "name": "(anonymous_3)",
        "decl": {
          "start": { "line": 96, "column": 43 },
          "end": { "line": 96, "column": 44 }
        },
        "loc": {
          "start": { "line": 96, "column": 58 },
          "end": { "line": 118, "column": 5 }
        }
      }
    },
    "branchMap": {
      "0": {
        "loc": {
          "start": { "line": 8, "column": 2 },
          "end": { "line": 10, "column": 3 }
        },
        "type": "if",
        "locations": [
          {
            "start": { "line": 8, "column": 2 },
            "end": { "line": 10, "column": 3 }
          }
        ]
      },
      "1": {
        "loc": {
          "start": { "line": 21, "column": 8 },
          "end": { "line": 50, "column": 9 }
        },
        "type": "if",
        "locations": [
          {
            "start": { "line": 21, "column": 8 },
            "end": { "line": 50, "column": 9 }
          },
          {
            "start": { "line": 43, "column": 15 },
            "end": { "line": 50, "column": 9 }
          }
        ]
      },
      "2": {
        "loc": {
          "start": { "line": 22, "column": 10 },
          "end": { "line": 25, "column": 27 }
        },
        "type": "binary-expr",
        "locations": [
          {
            "start": { "line": 22, "column": 10 },
            "end": { "line": 22, "column": 27 }
          },
          {
            "start": { "line": 23, "column": 10 },
            "end": { "line": 23, "column": 27 }
          },
          {
            "start": { "line": 24, "column": 10 },
            "end": { "line": 24, "column": 27 }
          },
          {
            "start": { "line": 25, "column": 10 },
            "end": { "line": 25, "column": 27 }
          }
        ]
      },
      "3": {
        "loc": {
          "start": { "line": 38, "column": 10 },
          "end": { "line": 40, "column": 11 }
        },
        "type": "if",
        "locations": [
          {
            "start": { "line": 38, "column": 10 },
            "end": { "line": 40, "column": 11 }
          }
        ]
      },
      "4": {
        "loc": {
          "start": { "line": 38, "column": 14 },
          "end": { "line": 38, "column": 55 }
        },
        "type": "binary-expr",
        "locations": [
          {
            "start": { "line": 38, "column": 14 },
            "end": { "line": 38, "column": 27 }
          },
          {
            "start": { "line": 38, "column": 31 },
            "end": { "line": 38, "column": 55 }
          }
        ]
      },
      "5": {
        "loc": {
          "start": { "line": 46, "column": 10 },
          "end": { "line": 48, "column": 11 }
        },
        "type": "if",
        "locations": [
          {
            "start": { "line": 46, "column": 10 },
            "end": { "line": 48, "column": 11 }
          }
        ]
      },
      "6": {
        "loc": {
          "start": { "line": 56, "column": 4 },
          "end": { "line": 58, "column": 5 }
        },
        "type": "if",
        "locations": [
          {
            "start": { "line": 56, "column": 4 },
            "end": { "line": 58, "column": 5 }
          }
        ]
      },
      "7": {
        "loc": {
          "start": { "line": 61, "column": 4 },
          "end": { "line": 63, "column": 5 }
        },
        "type": "if",
        "locations": [
          {
            "start": { "line": 61, "column": 4 },
            "end": { "line": 63, "column": 5 }
          }
        ]
      },
      "8": {
        "loc": {
          "start": { "line": 66, "column": 4 },
          "end": { "line": 68, "column": 5 }
        },
        "type": "if",
        "locations": [
          {
            "start": { "line": 66, "column": 4 },
            "end": { "line": 68, "column": 5 }
          }
        ]
      },
      "9": {
        "loc": {
          "start": { "line": 75, "column": 4 },
          "end": { "line": 77, "column": 5 }
        },
        "type": "if",
        "locations": [
          {
            "start": { "line": 75, "column": 4 },
            "end": { "line": 77, "column": 5 }
          }
        ]
      },
      "10": {
        "loc": {
          "start": { "line": 75, "column": 8 },
          "end": { "line": 75, "column": 55 }
        },
        "type": "binary-expr",
        "locations": [
          {
            "start": { "line": 75, "column": 8 },
            "end": { "line": 75, "column": 34 }
          },
          {
            "start": { "line": 75, "column": 38 },
            "end": { "line": 75, "column": 55 }
          }
        ]
      },
      "11": {
        "loc": {
          "start": { "line": 83, "column": 13 },
          "end": { "line": 83, "column": 71 }
        },
        "type": "cond-expr",
        "locations": [
          {
            "start": { "line": 83, "column": 38 },
            "end": { "line": 83, "column": 51 }
          },
          {
            "start": { "line": 83, "column": 54 },
            "end": { "line": 83, "column": 71 }
          }
        ]
      },
      "12": {
        "loc": {
          "start": { "line": 93, "column": 2 },
          "end": { "line": 93, "column": 31 }
        },
        "type": "if",
        "locations": [
          {
            "start": { "line": 93, "column": 2 },
            "end": { "line": 93, "column": 31 }
          }
        ]
      },
      "13": {
        "loc": {
          "start": { "line": 98, "column": 6 },
          "end": { "line": 117, "column": 7 }
        },
        "type": "if",
        "locations": [
          {
            "start": { "line": 98, "column": 6 },
            "end": { "line": 117, "column": 7 }
          },
          {
            "start": { "line": 113, "column": 13 },
            "end": { "line": 117, "column": 7 }
          }
        ]
      },
      "14": {
        "loc": {
          "start": { "line": 99, "column": 8 },
          "end": { "line": 102, "column": 25 }
        },
        "type": "binary-expr",
        "locations": [
          {
            "start": { "line": 99, "column": 8 },
            "end": { "line": 99, "column": 25 }
          },
          {
            "start": { "line": 100, "column": 8 },
            "end": { "line": 100, "column": 25 }
          },
          {
            "start": { "line": 101, "column": 8 },
            "end": { "line": 101, "column": 25 }
          },
          {
            "start": { "line": 102, "column": 8 },
            "end": { "line": 102, "column": 25 }
          }
        ]
      },
      "15": {
        "loc": {
          "start": { "line": 116, "column": 15 },
          "end": { "line": 116, "column": 58 }
        },
        "type": "cond-expr",
        "locations": [
          {
            "start": { "line": 116, "column": 37 },
            "end": { "line": 116, "column": 50 }
          },
          {
            "start": { "line": 116, "column": 53 },
            "end": { "line": 116, "column": 58 }
          }
        ]
      }
    },
    "s": {
      "0": 1,
      "1": 27,
      "2": 2,
      "3": 25,
      "4": 25,
      "5": 25,
      "6": 29,
      "7": 8,
      "8": 8,
      "9": 57,
      "10": 57,
      "11": 8,
      "12": 8,
      "13": 0,
      "14": 8,
      "15": 21,
      "16": 21,
      "17": 1,
      "18": 20,
      "19": 24,
      "20": 24,
      "21": 2,
      "22": 22,
      "23": 1,
      "24": 21,
      "25": 1,
      "26": 20,
      "27": 20,
      "28": 1,
      "29": 19,
      "30": 6,
      "31": 1,
      "32": 1,
      "33": 10,
      "34": 1,
      "35": 9,
      "36": 9,
      "37": 11,
      "38": 4,
      "39": 4,
      "40": 16,
      "41": 16,
      "42": 4,
      "43": 7,
      "44": 7,
      "45": 0,
      "46": 1
    },
    "f": { "0": 27, "1": 29, "2": 10, "3": 11 },
    "b": {
      "0": [2],
      "1": [8, 21],
      "2": [29, 21, 21, 21],
      "3": [0],
      "4": [8, 0],
      "5": [1],
      "6": [2],
      "7": [1],
      "8": [1],
      "9": [1],
      "10": [20, 20],
      "11": [6, 0],
      "12": [1],
      "13": [4, 7],
      "14": [11, 7, 7, 7],
      "15": [6, 1]
    }
  }
}
