TN:
SF:src\App.tsx
FN:10,App
FN:18,(anonymous_2)
FN:29,(anonymous_3)
FN:33,(anonymous_4)
FN:34,(anonymous_5)
FN:34,(anonymous_6)
FN:41,(anonymous_7)
FN:46,(anonymous_8)
FN:51,(anonymous_9)
FN:52,(anonymous_10)
FN:53,(anonymous_11)
FN:61,(anonymous_12)
FN:86,(anonymous_13)
FNF:13
FNH:0
FNDA:0,App
FNDA:0,(anonymous_2)
FNDA:0,(anonymous_3)
FNDA:0,(anonymous_4)
FNDA:0,(anonymous_5)
FNDA:0,(anonymous_6)
FNDA:0,(anonymous_7)
FNDA:0,(anonymous_8)
FNDA:0,(anonymous_9)
FNDA:0,(anonymous_10)
FNDA:0,(anonymous_11)
FNDA:0,(anonymous_12)
FNDA:0,(anonymous_13)
DA:1,0
DA:2,0
DA:3,0
DA:4,0
DA:5,0
DA:6,0
DA:7,0
DA:11,0
DA:13,0
DA:14,0
DA:15,0
DA:18,0
DA:19,0
DA:29,0
DA:33,0
DA:34,0
DA:35,0
DA:36,0
DA:41,0
DA:42,0
DA:46,0
DA:47,0
DA:51,0
DA:52,0
DA:53,0
DA:54,0
DA:57,0
DA:61,0
DA:62,0
DA:65,0
DA:86,0
DA:135,0
LF:32
LH:0
BRDA:35,0,0,0
BRDA:35,1,0,0
BRDA:35,1,1,0
BRDA:35,2,0,0
BRDA:35,2,1,0
BRDA:54,3,0,0
BRDA:54,3,1,0
BRDA:94,4,0,0
BRDA:94,4,1,0
BRF:9
BRH:0
end_of_record
TN:
SF:src\components\ButtonComponent.tsx
FN:11,(anonymous_0)
FN:13,(anonymous_1)
FN:20,(anonymous_2)
FN:39,(anonymous_3)
FN:99,(anonymous_4)
FN:102,(anonymous_5)
FNF:6
FNH:0
FNDA:0,(anonymous_0)
FNDA:0,(anonymous_1)
FNDA:0,(anonymous_2)
FNDA:0,(anonymous_3)
FNDA:0,(anonymous_4)
FNDA:0,(anonymous_5)
DA:3,0
DA:4,0
DA:11,0
DA:13,0
DA:15,0
DA:18,0
DA:22,0
DA:28,0
DA:29,0
DA:31,0
DA:35,0
DA:39,0
DA:40,0
DA:42,0
DA:44,0
DA:45,0
DA:46,0
DA:47,0
DA:51,0
DA:52,0
DA:55,0
DA:56,0
DA:57,0
DA:62,0
DA:63,0
DA:64,0
DA:66,0
DA:68,0
DA:72,0
DA:74,0
DA:76,0
DA:78,0
DA:80,0
DA:84,0
DA:89,0
DA:90,0
DA:92,0
DA:93,0
DA:95,0
DA:103,0
DA:104,0
DA:113,0
LF:42
LH:0
BRDA:15,0,0,0
BRDA:15,0,1,0
BRDA:22,1,0,0
BRDA:23,2,0,0
BRDA:23,2,1,0
BRDA:23,2,2,0
BRDA:23,2,3,0
BRDA:28,3,0,0
BRDA:28,3,1,0
BRDA:29,4,0,0
BRDA:29,4,1,0
BRDA:29,5,0,0
BRDA:29,5,1,0
BRDA:29,6,0,0
BRDA:29,6,1,0
BRDA:29,7,0,0
BRDA:29,7,1,0
BRDA:40,8,0,0
BRDA:40,8,1,0
BRDA:42,9,0,0
BRDA:42,9,1,0
BRDA:42,9,2,0
BRDA:42,9,3,0
BRDA:42,9,4,0
BRDA:42,9,5,0
BRDA:44,10,0,0
BRDA:44,10,1,0
BRDA:55,11,0,0
BRDA:55,11,1,0
BRDA:63,12,0,0
BRDA:63,12,1,0
BRDA:74,13,0,0
BRDA:74,13,1,0
BRDA:89,14,0,0
BRDA:89,14,1,0
BRDA:92,15,0,0
BRDA:92,15,1,0
BRF:37
BRH:0
end_of_record
TN:
SF:src\components\Canvas.tsx
FN:38,(anonymous_1)
FN:74,(anonymous_2)
FN:84,(anonymous_3)
FN:96,(anonymous_4)
FN:111,(anonymous_5)
FN:116,(anonymous_6)
FN:119,(anonymous_7)
FN:148,(anonymous_8)
FN:152,(anonymous_9)
FNF:9
FNH:0
FNDA:0,(anonymous_1)
FNDA:0,(anonymous_2)
FNDA:0,(anonymous_3)
FNDA:0,(anonymous_4)
FNDA:0,(anonymous_5)
FNDA:0,(anonymous_6)
FNDA:0,(anonymous_7)
FNDA:0,(anonymous_8)
FNDA:0,(anonymous_9)
DA:2,0
DA:11,0
DA:17,0
DA:18,0
DA:20,0
DA:38,0
DA:52,0
DA:54,0
DA:60,0
DA:75,0
DA:76,0
DA:85,0
DA:86,0
DA:96,0
DA:104,0
DA:111,0
DA:112,0
DA:114,0
DA:115,0
DA:116,0
DA:118,0
DA:119,0
DA:122,0
DA:123,0
DA:128,0
DA:129,0
DA:139,0
DA:148,0
DA:153,0
DA:169,0
LF:30
LH:0
BRDA:57,0,0,0
BRDA:57,0,1,0
BRDA:64,1,0,0
BRDA:64,1,1,0
BRDA:64,2,0,0
BRDA:64,2,1,0
BRDA:64,3,0,0
BRDA:64,3,1,0
BRDA:114,4,0,0
BRDA:114,5,0,0
BRDA:114,5,1,0
BRDA:128,6,0,0
BRF:12
BRH:0
end_of_record
TN:
SF:src\components\ComponentPalette.tsx
FN:8,(anonymous_0)
FN:21,(anonymous_1)
FN:25,(anonymous_2)
FNF:3
FNH:0
FNDA:0,(anonymous_0)
FNDA:0,(anonymous_1)
FNDA:0,(anonymous_2)
DA:8,0
DA:10,0
DA:17,0
DA:22,0
DA:25,0
DA:37,0
LF:6
LH:0
BRF:0
BRH:0
end_of_record
TN:
SF:src\components\ComponentRenderer.tsx
FN:12,(anonymous_1)
FNF:1
FNH:0
FNDA:0,(anonymous_1)
DA:2,0
DA:3,0
DA:4,0
DA:5,0
DA:12,0
DA:14,0
DA:16,0
DA:18,0
DA:20,0
DA:22,0
DA:24,0
DA:28,0
LF:12
LH:0
BRDA:14,0,0,0
BRDA:14,0,1,0
BRDA:14,0,2,0
BRDA:14,0,3,0
BRDA:14,0,4,0
BRF:5
BRH:0
end_of_record
TN:
SF:src\components\ConfigManager.tsx
FN:9,(anonymous_0)
FN:15,(anonymous_1)
FN:24,(anonymous_2)
FN:39,(anonymous_3)
FN:66,(anonymous_4)
FN:71,(anonymous_5)
FN:92,(anonymous_6)
FN:108,(anonymous_7)
FN:163,(anonymous_8)
FNF:9
FNH:0
FNDA:0,(anonymous_0)
FNDA:0,(anonymous_1)
FNDA:0,(anonymous_2)
FNDA:0,(anonymous_3)
FNDA:0,(anonymous_4)
FNDA:0,(anonymous_5)
FNDA:0,(anonymous_6)
FNDA:0,(anonymous_7)
FNDA:0,(anonymous_8)
DA:1,0
DA:9,0
DA:13,0
DA:15,0
DA:16,0
DA:17,0
DA:18,0
DA:20,0
DA:24,0
DA:25,0
DA:26,0
DA:27,0
DA:28,0
DA:29,0
DA:30,0
DA:32,0
DA:35,0
DA:39,0
DA:40,0
DA:41,0
DA:47,0
DA:51,0
DA:52,0
DA:53,0
DA:54,0
DA:55,0
DA:56,0
DA:57,0
DA:58,0
DA:60,0
DA:62,0
DA:66,0
DA:67,0
DA:68,0
DA:70,0
DA:71,0
DA:72,0
DA:73,0
DA:74,0
DA:76,0
DA:77,0
DA:78,0
DA:80,0
DA:83,0
DA:87,0
DA:89,0
DA:92,0
DA:93,0
DA:98,0
DA:102,0
DA:108,0
DA:163,0
DA:194,0
LF:53
LH:0
BRDA:27,0,0,0
BRDA:27,0,1,0
BRDA:67,1,0,0
BRDA:67,1,1,0
BRDA:67,2,0,0
BRDA:67,2,1,0
BRDA:68,3,0,0
BRDA:73,4,0,0
BRDA:73,4,1,0
BRDA:73,5,0,0
BRDA:73,5,1,0
BRDA:76,6,0,0
BRDA:76,6,1,0
BRDA:76,7,0,0
BRDA:76,7,1,0
BRDA:93,8,0,0
BRDA:109,9,0,0
BRDA:109,9,1,0
BRDA:111,10,0,0
BRDA:111,10,1,0
BRDA:115,11,0,0
BRDA:115,11,1,0
BRDA:163,12,0,0
BRDA:163,12,1,0
BRF:24
BRH:0
end_of_record
TN:
SF:src\components\FormulaFieldComponent.tsx
FN:11,(anonymous_0)
FN:17,(anonymous_1)
FN:23,(anonymous_2)
FN:36,(anonymous_3)
FN:37,(anonymous_4)
FN:38,(anonymous_5)
FN:80,(anonymous_6)
FNF:7
FNH:0
FNDA:0,(anonymous_0)
FNDA:0,(anonymous_1)
FNDA:0,(anonymous_2)
FNDA:0,(anonymous_3)
FNDA:0,(anonymous_4)
FNDA:0,(anonymous_5)
FNDA:0,(anonymous_6)
DA:3,0
DA:11,0
DA:12,0
DA:13,0
DA:14,0
DA:17,0
DA:18,0
DA:21,0
DA:22,0
DA:23,0
DA:24,0
DA:27,0
DA:34,0
DA:36,0
DA:37,0
DA:38,0
DA:39,0
DA:40,0
DA:45,0
DA:46,0
DA:52,0
DA:55,0
DA:57,0
DA:62,0
DA:81,0
DA:135,0
LF:26
LH:0
BRDA:12,0,0,0
BRDA:12,0,1,0
BRDA:13,1,0,0
BRDA:13,1,1,0
BRDA:14,2,0,0
BRDA:14,2,1,0
BRDA:22,3,0,0
BRDA:27,4,0,0
BRDA:27,4,1,0
BRDA:28,5,0,0
BRDA:28,5,1,0
BRDA:28,5,2,0
BRDA:28,5,3,0
BRDA:37,6,0,0
BRDA:37,6,1,0
BRDA:39,7,0,0
BRDA:45,8,0,0
BRDA:55,9,0,0
BRDA:55,9,1,0
BRDA:57,10,0,0
BRDA:57,10,1,0
BRDA:78,11,0,0
BRDA:78,11,1,0
BRDA:96,12,0,0
BRDA:96,12,1,0
BRDA:122,13,0,0
BRDA:122,13,1,0
BRDA:126,14,0,0
BRDA:126,14,1,0
BRF:29
BRH:0
end_of_record
TN:
SF:src\components\Inspector.tsx
FN:9,(anonymous_0)
FN:26,(anonymous_1)
FN:38,(anonymous_2)
FN:51,(anonymous_3)
FN:60,(anonymous_4)
FN:63,(anonymous_5)
FN:92,(anonymous_6)
FN:117,(anonymous_7)
FN:129,(anonymous_8)
FN:140,(anonymous_9)
FN:155,(anonymous_10)
FN:170,(anonymous_11)
FN:186,(anonymous_12)
FN:208,(anonymous_13)
FN:260,(anonymous_14)
FNF:15
FNH:0
FNDA:0,(anonymous_0)
FNDA:0,(anonymous_1)
FNDA:0,(anonymous_2)
FNDA:0,(anonymous_3)
FNDA:0,(anonymous_4)
FNDA:0,(anonymous_5)
FNDA:0,(anonymous_6)
FNDA:0,(anonymous_7)
FNDA:0,(anonymous_8)
FNDA:0,(anonymous_9)
FNDA:0,(anonymous_10)
FNDA:0,(anonymous_11)
FNDA:0,(anonymous_12)
FNDA:0,(anonymous_13)
FNDA:0,(anonymous_14)
DA:9,0
DA:14,0
DA:15,0
DA:26,0
DA:27,0
DA:34,0
DA:38,0
DA:44,0
DA:51,0
DA:60,0
DA:61,0
DA:63,0
DA:64,0
DA:74,0
DA:77,0
DA:93,0
DA:94,0
DA:95,0
DA:96,0
DA:98,0
DA:99,0
DA:100,0
DA:101,0
DA:103,0
DA:117,0
DA:129,0
DA:140,0
DA:155,0
DA:170,0
DA:186,0
DA:187,0
DA:189,0
DA:196,0
DA:208,0
DA:247,0
DA:261,0
DA:263,0
DA:264,0
DA:280,0
DA:296,0
DA:300,0
DA:327,0
LF:42
LH:0
BRDA:14,0,0,0
BRDA:41,1,0,0
BRDA:42,2,0,0
BRDA:61,3,0,0
BRDA:61,3,1,0
BRDA:88,4,0,0
BRDA:88,4,1,0
BRDA:90,5,0,0
BRDA:90,5,1,0
BRDA:94,6,0,0
BRDA:99,7,0,0
BRDA:116,8,0,0
BRDA:116,8,1,0
BRDA:128,9,0,0
BRDA:128,9,1,0
BRDA:139,10,0,0
BRDA:139,10,1,0
BRDA:154,11,0,0
BRDA:154,11,1,0
BRDA:164,12,0,0
BRDA:164,12,1,0
BRDA:169,13,0,0
BRDA:169,13,1,0
BRDA:187,14,0,0
BRDA:187,14,1,0
BRDA:187,14,2,0
BRDA:187,14,3,0
BRDA:187,14,4,0
BRDA:192,15,0,0
BRDA:192,15,1,0
BRDA:201,16,0,0
BRDA:201,16,1,0
BRDA:207,17,0,0
BRDA:207,17,1,0
BRDA:219,18,0,0
BRDA:219,18,1,0
BRDA:219,18,2,0
BRDA:225,19,0,0
BRDA:225,19,1,0
BRDA:229,20,0,0
BRDA:229,20,1,0
BRDA:233,21,0,0
BRDA:233,21,1,0
BRDA:236,22,0,0
BRDA:236,22,1,0
BRDA:240,23,0,0
BRDA:240,23,1,0
BRDA:252,24,0,0
BRDA:252,24,1,0
BRDA:259,25,0,0
BRDA:259,25,1,0
BRDA:263,26,0,0
BRDA:263,27,0,0
BRDA:263,27,1,0
BRDA:274,28,0,0
BRDA:274,28,1,0
BRDA:285,29,0,0
BRDA:285,29,1,0
BRDA:290,30,0,0
BRDA:290,30,1,0
BRF:60
BRH:0
end_of_record
TN:
SF:src\components\NumberFieldComponent.tsx
FN:10,(anonymous_0)
FNF:1
FNH:0
FNDA:0,(anonymous_0)
DA:3,0
DA:10,0
DA:11,0
DA:12,0
DA:15,0
DA:18,0
DA:19,0
DA:21,0
DA:22,0
DA:24,0
DA:27,0
DA:30,0
DA:53,0
LF:13
LH:0
BRDA:11,0,0,0
BRDA:11,0,1,0
BRDA:12,1,0,0
BRDA:12,1,1,0
BRDA:15,2,0,0
BRDA:15,2,1,0
BRDA:19,3,0,0
BRDA:19,3,1,0
BRDA:19,4,0,0
BRDA:19,4,1,0
BRDA:19,4,2,0
BRDA:22,5,0,0
BRDA:22,5,1,0
BRDA:27,6,0,0
BRDA:27,6,1,0
BRDA:47,7,0,0
BRDA:47,7,1,0
BRF:17
BRH:0
end_of_record
TN:
SF:src\components\StaticRenderer.tsx
FN:11,(anonymous_1)
FN:42,(anonymous_2)
FNF:2
FNH:0
FNDA:0,(anonymous_1)
FNDA:0,(anonymous_2)
DA:3,0
DA:11,0
DA:17,0
DA:18,0
DA:34,0
DA:43,0
DA:52,0
LF:7
LH:0
BRDA:14,0,0,0
BRDA:17,1,0,0
BRDA:20,2,0,0
BRDA:20,2,1,0
BRDA:36,3,0,0
BRDA:36,3,1,0
BRF:6
BRH:0
end_of_record
TN:
SF:src\components\TextComponent.tsx
FN:10,(anonymous_0)
FNF:1
FNH:0
FNDA:0,(anonymous_0)
DA:3,0
DA:10,0
DA:11,0
DA:13,0
DA:15,0
DA:22,0
LF:6
LH:0
BRDA:11,0,0,0
BRDA:11,0,1,0
BRDA:13,1,0,0
BRDA:13,1,1,0
BRF:4
BRH:0
end_of_record
TN:
SF:src\utils\datasetUtils.ts
FN:4,(anonymous_0)
FN:35,(anonymous_1)
FN:39,(anonymous_2)
FN:46,(anonymous_3)
FNF:4
FNH:2
FNDA:0,(anonymous_0)
FNDA:23,(anonymous_1)
FNDA:126,(anonymous_2)
FNDA:0,(anonymous_3)
DA:4,1
DA:7,0
DA:8,0
DA:11,0
DA:16,0
DA:22,0
DA:27,0
DA:35,1
DA:36,23
DA:39,20
DA:40,126
DA:41,126
DA:46,1
DA:47,0
LF:14
LH:7
BRDA:11,0,0,0
BRDA:12,1,0,0
BRDA:12,1,1,0
BRDA:12,1,2,0
BRDA:29,2,0,0
BRDA:29,2,1,0
BRDA:36,3,0,3
BRDA:36,4,0,23
BRDA:36,4,1,22
BRDA:41,5,0,122
BRDA:41,5,1,4
BRF:11
BRH:5
end_of_record
TN:
SF:src\utils\formulaUtils.ts
FN:4,(anonymous_0)
FN:19,(anonymous_1)
FN:89,(anonymous_2)
FN:96,(anonymous_3)
FNF:4
FNH:4
FNDA:27,(anonymous_0)
FNDA:29,(anonymous_1)
FNDA:10,(anonymous_2)
FNDA:11,(anonymous_3)
DA:4,1
DA:8,27
DA:9,2
DA:12,25
DA:14,25
DA:17,25
DA:21,29
DA:28,8
DA:31,8
DA:32,57
DA:33,57
DA:37,8
DA:38,8
DA:39,0
DA:42,8
DA:45,21
DA:46,21
DA:47,1
DA:49,20
DA:55,24
DA:56,24
DA:57,2
DA:61,22
DA:62,1
DA:66,21
DA:67,1
DA:71,20
DA:75,20
DA:76,1
DA:79,19
DA:81,6
DA:89,1
DA:93,10
DA:95,9
DA:96,9
DA:98,11
DA:104,4
DA:107,4
DA:108,16
DA:109,16
DA:112,4
DA:115,7
DA:116,7
DA:120,0
LF:44
LH:42
BRDA:8,0,0,2
BRDA:21,1,0,8
BRDA:21,1,1,21
BRDA:22,2,0,29
BRDA:22,2,1,21
BRDA:22,2,2,21
BRDA:22,2,3,21
BRDA:38,3,0,0
BRDA:38,4,0,8
BRDA:38,4,1,0
BRDA:46,5,0,1
BRDA:56,6,0,2
BRDA:61,7,0,1
BRDA:66,8,0,1
BRDA:75,9,0,1
BRDA:75,10,0,20
BRDA:75,10,1,20
BRDA:83,11,0,6
BRDA:83,11,1,0
BRDA:93,12,0,1
BRDA:98,13,0,4
BRDA:98,13,1,7
BRDA:99,14,0,11
BRDA:99,14,1,7
BRDA:99,14,2,7
BRDA:99,14,3,7
BRDA:116,15,0,6
BRDA:116,15,1,1
BRF:28
BRH:25
end_of_record
