TN:
SF:src\utils\datasetUtils.ts
FN:4,(anonymous_0)
FN:35,(anonymous_1)
FN:39,(anonymous_2)
FN:46,(anonymous_3)
FNF:4
FNH:2
FNDA:0,(anonymous_0)
FNDA:23,(anonymous_1)
FNDA:126,(anonymous_2)
FNDA:0,(anonymous_3)
DA:4,1
DA:7,0
DA:8,0
DA:11,0
DA:16,0
DA:22,0
DA:27,0
DA:35,1
DA:36,23
DA:39,20
DA:40,126
DA:41,126
DA:46,1
DA:47,0
LF:14
LH:7
BRDA:11,0,0,0
BRDA:12,1,0,0
BRDA:12,1,1,0
BRDA:12,1,2,0
BRDA:29,2,0,0
BRDA:29,2,1,0
BRDA:36,3,0,3
BRDA:36,4,0,23
BRDA:36,4,1,22
BRDA:41,5,0,122
BRDA:41,5,1,4
BRF:11
BRH:5
end_of_record
TN:
SF:src\utils\formulaUtils.ts
FN:4,(anonymous_0)
FN:19,(anonymous_1)
FN:89,(anonymous_2)
FN:96,(anonymous_3)
FNF:4
FNH:4
FNDA:27,(anonymous_0)
FNDA:29,(anonymous_1)
FNDA:10,(anonymous_2)
FNDA:11,(anonymous_3)
DA:4,1
DA:8,27
DA:9,2
DA:12,25
DA:14,25
DA:17,25
DA:21,29
DA:28,8
DA:31,8
DA:32,57
DA:33,57
DA:37,8
DA:38,8
DA:39,0
DA:42,8
DA:45,21
DA:46,21
DA:47,1
DA:49,20
DA:55,24
DA:56,24
DA:57,2
DA:61,22
DA:62,1
DA:66,21
DA:67,1
DA:71,20
DA:75,20
DA:76,1
DA:79,19
DA:81,6
DA:89,1
DA:93,10
DA:95,9
DA:96,9
DA:98,11
DA:104,4
DA:107,4
DA:108,16
DA:109,16
DA:112,4
DA:115,7
DA:116,7
DA:120,0
LF:44
LH:42
BRDA:8,0,0,2
BRDA:21,1,0,8
BRDA:21,1,1,21
BRDA:22,2,0,29
BRDA:22,2,1,21
BRDA:22,2,2,21
BRDA:22,2,3,21
BRDA:38,3,0,0
BRDA:38,4,0,8
BRDA:38,4,1,0
BRDA:46,5,0,1
BRDA:56,6,0,2
BRDA:61,7,0,1
BRDA:66,8,0,1
BRDA:75,9,0,1
BRDA:75,10,0,20
BRDA:75,10,1,20
BRDA:83,11,0,6
BRDA:83,11,1,0
BRDA:93,12,0,1
BRDA:98,13,0,4
BRDA:98,13,1,7
BRDA:99,14,0,11
BRDA:99,14,1,7
BRDA:99,14,2,7
BRDA:99,14,3,7
BRDA:116,15,0,6
BRDA:116,15,1,1
BRF:28
BRH:25
end_of_record
